<?xml version="1.0" encoding="UTF-8"?>
<testsuite xmlns:xsi="http://www.w3.org/2001/XMLSchema-instance" xsi:noNamespaceSchemaLocation="https://maven.apache.org/surefire/maven-surefire-plugin/xsd/surefire-test-report.xsd" version="3.0.2" name="com.water.server.snapshot.AssetSnapshotCommandServiceTests" time="0.647" tests="1" errors="0" skipped="0" failures="0">
  <properties>
[...]
</properties>
  <testcase name="createsUpdatesAndDeletesSnapshot" classname="com.water.server.snapshot.AssetSnapshotCommandServiceTests" time="0.085">
    <system-out><![CDATA[2026-04-09T21:43:50.355+08:00  INFO 64276 --- [water-server] [           main] t.c.s.AnnotationConfigContextLoaderUtils : Could not detect default configuration classes for test class [com.water.server.snapshot.AssetSnapshotCommandServiceTests]: AssetSnapshotCommandServiceTests does not declare any static, non-private, non-final, nested classes annotated with @Configuration.
2026-04-09T21:43:50.357+08:00  INFO 64276 --- [water-server] [           main] .b.t.c.SpringBootTestContextBootstrapper : Found @SpringBootConfiguration com.water.server.WaterServerApplication for test class com.water.server.snapshot.AssetSnapshotCommandServiceTests

  .   ____          _            __ _ _
 /\\ / ___'_ __ _ _(_)_ __  __ _ \ \ \ \
( ( )\___ | '_ | '_| | '_ \/ _` | \ \ \ \
 \\/  ___)| |_)| | | | | || (_| |  ) ) ) )
  '  |____| .__|_| |_|_| |_\__, | / / / /
 =========|_|==============|___/=/_/_/_/

 :: Spring Boot ::                (v3.4.3)

2026-04-09T21:43:50.397+08:00  INFO 64276 --- [water-server] [           main] c.w.s.s.AssetSnapshotCommandServiceTests : Starting AssetSnapshotCommandServiceTests using Java 17.0.12 with PID 64276 (started by wangx in C:\Users\wangx\Desktop\peisonal\water\water-server)
2026-04-09T21:43:50.397+08:00  INFO 64276 --- [water-server] [           main] c.w.s.s.AssetSnapshotCommandServiceTests : No active profile set, falling back to 1 default profile: "default"
2026-04-09T21:43:50.601+08:00  INFO 64276 --- [water-server] [           main] com.zaxxer.hikari.HikariDataSource       : HikariPool-2 - Starting...
2026-04-09T21:43:50.602+08:00  INFO 64276 --- [water-server] [           main] com.zaxxer.hikari.pool.HikariPool        : HikariPool-2 - Added connection org.sqlite.jdbc4.JDBC4Connection@702b656a
2026-04-09T21:43:50.603+08:00  INFO 64276 --- [water-server] [           main] com.zaxxer.hikari.HikariDataSource       : HikariPool-2 - Start completed.
2026-04-09T21:43:50.821+08:00  INFO 64276 --- [water-server] [           main] c.w.s.s.AssetSnapshotCommandServiceTests : Started AssetSnapshotCommandServiceTests in 0.46 seconds (process running for 4.727)
2026-04-09T21:43:50.822+08:00 DEBUG 64276 --- [water-server] [           main] o.s.jdbc.core.JdbcTemplate               : Executing SQL query [PRAGMA table_info(asset_account)]
2026-04-09T21:43:50.822+08:00 DEBUG 64276 --- [water-server] [           main] o.s.jdbc.core.JdbcTemplate               : Executing SQL query [PRAGMA table_info(asset_account)]
2026-04-09T21:43:50.823+08:00 DEBUG 64276 --- [water-server] [           main] o.s.jdbc.core.JdbcTemplate               : Executing SQL query [PRAGMA table_info(asset_account)]
2026-04-09T21:43:50.823+08:00 DEBUG 64276 --- [water-server] [           main] o.s.jdbc.core.JdbcTemplate               : Executing SQL query [PRAGMA table_info(asset_snapshot_detail)]
2026-04-09T21:43:50.823+08:00 DEBUG 64276 --- [water-server] [           main] o.s.jdbc.core.JdbcTemplate               : Executing SQL query [PRAGMA table_info(asset_snapshot_detail)]
2026-04-09T21:43:50.823+08:00 DEBUG 64276 --- [water-server] [           main] o.s.jdbc.core.JdbcTemplate               : Executing prepared SQL update
2026-04-09T21:43:50.823+08:00 DEBUG 64276 --- [water-server] [           main] o.s.jdbc.core.JdbcTemplate               : Executing prepared SQL statement [INSERT OR IGNORE INTO asset_account (
    account_code,
    account_name,
    category_group,
    account_type,
    balance_direction,
    currency_code,
    institution_name,
    owner_name,
    remark,
    sort_order,
    enabled,
    updated_at
) VALUES (?, ?, ?, ?, ?, ?, ?, ?, ?, ?, ?, CURRENT_TIMESTAMP)
]
2026-04-09T21:43:50.823+08:00 TRACE 64276 --- [water-server] [           main] o.s.jdbc.core.StatementCreatorUtils      : Setting SQL statement parameter value: column index 1, parameter value [ALIPAY], value class [java.lang.String], SQL type unknown
2026-04-09T21:43:50.823+08:00 TRACE 64276 --- [water-server] [           main] o.s.jdbc.core.StatementCreatorUtils      : Setting SQL statement parameter value: column index 2, parameter value [Alipay], value class [java.lang.String], SQL type unknown
2026-04-09T21:43:50.824+08:00 TRACE 64276 --- [water-server] [           main] o.s.jdbc.core.StatementCreatorUtils      : Setting SQL statement parameter value: column index 3, parameter value [CASH], value class [java.lang.String], SQL type unknown
2026-04-09T21:43:50.824+08:00 TRACE 64276 --- [water-server] [           main] o.s.jdbc.core.StatementCreatorUtils      : Setting SQL statement parameter value: column index 4, parameter value [EWALLET], value class [java.lang.String], SQL type unknown
2026-04-09T21:43:50.824+08:00 TRACE 64276 --- [water-server] [           main] o.s.jdbc.core.StatementCreatorUtils      : Setting SQL statement parameter value: column index 5, parameter value [ASSET], value class [java.lang.String], SQL type unknown
2026-04-09T21:43:50.824+08:00 TRACE 64276 --- [water-server] [           main] o.s.jdbc.core.StatementCreatorUtils      : Setting SQL statement parameter value: column index 6, parameter value [CNY], value class [java.lang.String], SQL type unknown
2026-04-09T21:43:50.824+08:00 TRACE 64276 --- [water-server] [           main] o.s.jdbc.core.StatementCreatorUtils      : Setting SQL statement parameter value: column index 7, parameter value [Alipay], value class [java.lang.String], SQL type unknown
2026-04-09T21:43:50.824+08:00 TRACE 64276 --- [water-server] [           main] o.s.jdbc.core.StatementCreatorUtils      : Setting SQL statement parameter value: column index 8, parameter value [null], value class [null], SQL type unknown
2026-04-09T21:43:50.824+08:00 TRACE 64276 --- [water-server] [           main] o.s.jdbc.core.StatementCreatorUtils      : Setting SQL statement parameter value: column index 9, parameter value [Daily payment account], value class [java.lang.String], SQL type unknown
2026-04-09T21:43:50.824+08:00 TRACE 64276 --- [water-server] [           main] o.s.jdbc.core.StatementCreatorUtils      : Setting SQL statement parameter value: column index 10, parameter value [10], value class [java.lang.Integer], SQL type unknown
2026-04-09T21:43:50.824+08:00 TRACE 64276 --- [water-server] [           main] o.s.jdbc.core.StatementCreatorUtils      : Setting SQL statement parameter value: column index 11, parameter value [1], value class [java.lang.Integer], SQL type unknown
2026-04-09T21:43:50.831+08:00 DEBUG 64276 --- [water-server] [           main] o.s.jdbc.core.JdbcTemplate               : Executing prepared SQL update
2026-04-09T21:43:50.831+08:00 DEBUG 64276 --- [water-server] [           main] o.s.jdbc.core.JdbcTemplate               : Executing prepared SQL statement [INSERT OR IGNORE INTO asset_account (
    account_code,
    account_name,
    category_group,
    account_type,
    balance_direction,
    currency_code,
    institution_name,
    owner_name,
    remark,
    sort_order,
    enabled,
    updated_at
) VALUES (?, ?, ?, ?, ?, ?, ?, ?, ?, ?, ?, CURRENT_TIMESTAMP)
]
2026-04-09T21:43:50.831+08:00 TRACE 64276 --- [water-server] [           main] o.s.jdbc.core.StatementCreatorUtils      : Setting SQL statement parameter value: column index 1, parameter value [WECHAT], value class [java.lang.String], SQL type unknown
2026-04-09T21:43:50.831+08:00 TRACE 64276 --- [water-server] [           main] o.s.jdbc.core.StatementCreatorUtils      : Setting SQL statement parameter value: column index 2, parameter value [WeChat], value class [java.lang.String], SQL type unknown
2026-04-09T21:43:50.831+08:00 TRACE 64276 --- [water-server] [           main] o.s.jdbc.core.StatementCreatorUtils      : Setting SQL statement parameter value: column index 3, parameter value [CASH], value class [java.lang.String], SQL type unknown
2026-04-09T21:43:50.831+08:00 TRACE 64276 --- [water-server] [           main] o.s.jdbc.core.StatementCreatorUtils      : Setting SQL statement parameter value: column index 4, parameter value [EWALLET], value class [java.lang.String], SQL type unknown
2026-04-09T21:43:50.832+08:00 TRACE 64276 --- [water-server] [           main] o.s.jdbc.core.StatementCreatorUtils      : Setting SQL statement parameter value: column index 5, parameter value [ASSET], value class [java.lang.String], SQL type unknown
2026-04-09T21:43:50.832+08:00 TRACE 64276 --- [water-server] [           main] o.s.jdbc.core.StatementCreatorUtils      : Setting SQL statement parameter value: column index 6, parameter value [CNY], value class [java.lang.String], SQL type unknown
2026-04-09T21:43:50.832+08:00 TRACE 64276 --- [water-server] [           main] o.s.jdbc.core.StatementCreatorUtils      : Setting SQL statement parameter value: column index 7, parameter value [WeChat Pay], value class [java.lang.String], SQL type unknown
2026-04-09T21:43:50.832+08:00 TRACE 64276 --- [water-server] [           main] o.s.jdbc.core.StatementCreatorUtils      : Setting SQL statement parameter value: column index 8, parameter value [null], value class [null], SQL type unknown
2026-04-09T21:43:50.832+08:00 TRACE 64276 --- [water-server] [           main] o.s.jdbc.core.StatementCreatorUtils      : Setting SQL statement parameter value: column index 9, parameter value [Daily payment account], value class [java.lang.String], SQL type unknown
2026-04-09T21:43:50.832+08:00 TRACE 64276 --- [water-server] [           main] o.s.jdbc.core.StatementCreatorUtils      : Setting SQL statement parameter value: column index 10, parameter value [20], value class [java.lang.Integer], SQL type unknown
2026-04-09T21:43:50.832+08:00 TRACE 64276 --- [water-server] [           main] o.s.jdbc.core.StatementCreatorUtils      : Setting SQL statement parameter value: column index 11, parameter value [1], value class [java.lang.Integer], SQL type unknown
2026-04-09T21:43:50.838+08:00 DEBUG 64276 --- [water-server] [           main] o.s.jdbc.core.JdbcTemplate               : Executing prepared SQL update
2026-04-09T21:43:50.839+08:00 DEBUG 64276 --- [water-server] [           main] o.s.jdbc.core.JdbcTemplate               : Executing prepared SQL statement [INSERT OR IGNORE INTO asset_account (
    account_code,
    account_name,
    category_group,
    account_type,
    balance_direction,
    currency_code,
    institution_name,
    owner_name,
    remark,
    sort_order,
    enabled,
    updated_at
) VALUES (?, ?, ?, ?, ?, ?, ?, ?, ?, ?, ?, CURRENT_TIMESTAMP)
]
2026-04-09T21:43:50.839+08:00 TRACE 64276 --- [water-server] [           main] o.s.jdbc.core.StatementCreatorUtils      : Setting SQL statement parameter value: column index 1, parameter value [DEFAULT_BANK_CARD], value class [java.lang.String], SQL type unknown
2026-04-09T21:43:50.839+08:00 TRACE 64276 --- [water-server] [           main] o.s.jdbc.core.StatementCreatorUtils      : Setting SQL statement parameter value: column index 2, parameter value [Default Bank Card], value class [java.lang.String], SQL type unknown
2026-04-09T21:43:50.839+08:00 TRACE 64276 --- [water-server] [           main] o.s.jdbc.core.StatementCreatorUtils      : Setting SQL statement parameter value: column index 3, parameter value [CASH], value class [java.lang.String], SQL type unknown
2026-04-09T21:43:50.839+08:00 TRACE 64276 --- [water-server] [           main] o.s.jdbc.core.StatementCreatorUtils      : Setting SQL statement parameter value: column index 4, parameter value [BANK_CARD], value class [java.lang.String], SQL type unknown
2026-04-09T21:43:50.839+08:00 TRACE 64276 --- [water-server] [           main] o.s.jdbc.core.StatementCreatorUtils      : Setting SQL statement parameter value: column index 5, parameter value [ASSET], value class [java.lang.String], SQL type unknown
2026-04-09T21:43:50.839+08:00 TRACE 64276 --- [water-server] [           main] o.s.jdbc.core.StatementCreatorUtils      : Setting SQL statement parameter value: column index 6, parameter value [CNY], value class [java.lang.String], SQL type unknown
2026-04-09T21:43:50.839+08:00 TRACE 64276 --- [water-server] [           main] o.s.jdbc.core.StatementCreatorUtils      : Setting SQL statement parameter value: column index 7, parameter value [Default Bank Card], value class [java.lang.String], SQL type unknown
2026-04-09T21:43:50.839+08:00 TRACE 64276 --- [water-server] [           main] o.s.jdbc.core.StatementCreatorUtils      : Setting SQL statement parameter value: column index 8, parameter value [null], value class [null], SQL type unknown
2026-04-09T21:43:50.839+08:00 TRACE 64276 --- [water-server] [           main] o.s.jdbc.core.StatementCreatorUtils      : Setting SQL statement parameter value: column index 9, parameter value [Primary bank card account], value class [java.lang.String], SQL type unknown
2026-04-09T21:43:50.839+08:00 TRACE 64276 --- [water-server] [           main] o.s.jdbc.core.StatementCreatorUtils      : Setting SQL statement parameter value: column index 10, parameter value [30], value class [java.lang.Integer], SQL type unknown
2026-04-09T21:43:50.839+08:00 TRACE 64276 --- [water-server] [           main] o.s.jdbc.core.StatementCreatorUtils      : Setting SQL statement parameter value: column index 11, parameter value [1], value class [java.lang.Integer], SQL type unknown
2026-04-09T21:43:50.846+08:00 DEBUG 64276 --- [water-server] [           main] o.s.jdbc.core.JdbcTemplate               : Executing prepared SQL update
2026-04-09T21:43:50.846+08:00 DEBUG 64276 --- [water-server] [           main] o.s.jdbc.core.JdbcTemplate               : Executing prepared SQL statement [INSERT OR IGNORE INTO asset_account (
    account_code,
    account_name,
    category_group,
    account_type,
    balance_direction,
    currency_code,
    institution_name,
    owner_name,
    remark,
    sort_order,
    enabled,
    updated_at
) VALUES (?, ?, ?, ?, ?, ?, ?, ?, ?, ?, ?, CURRENT_TIMESTAMP)
]
2026-04-09T21:43:50.846+08:00 TRACE 64276 --- [water-server] [           main] o.s.jdbc.core.StatementCreatorUtils      : Setting SQL statement parameter value: column index 1, parameter value [FUND_ACCOUNT], value class [java.lang.String], SQL type unknown
2026-04-09T21:43:50.846+08:00 TRACE 64276 --- [water-server] [           main] o.s.jdbc.core.StatementCreatorUtils      : Setting SQL statement parameter value: column index 2, parameter value [Fund Account], value class [java.lang.String], SQL type unknown
2026-04-09T21:43:50.846+08:00 TRACE 64276 --- [water-server] [           main] o.s.jdbc.core.StatementCreatorUtils      : Setting SQL statement parameter value: column index 3, parameter value [INVESTMENT], value class [java.lang.String], SQL type unknown
2026-04-09T21:43:50.846+08:00 TRACE 64276 --- [water-server] [           main] o.s.jdbc.core.StatementCreatorUtils      : Setting SQL statement parameter value: column index 4, parameter value [INVESTMENT], value class [java.lang.String], SQL type unknown
2026-04-09T21:43:50.846+08:00 TRACE 64276 --- [water-server] [           main] o.s.jdbc.core.StatementCreatorUtils      : Setting SQL statement parameter value: column index 5, parameter value [ASSET], value class [java.lang.String], SQL type unknown
2026-04-09T21:43:50.846+08:00 TRACE 64276 --- [water-server] [           main] o.s.jdbc.core.StatementCreatorUtils      : Setting SQL statement parameter value: column index 6, parameter value [CNY], value class [java.lang.String], SQL type unknown
2026-04-09T21:43:50.846+08:00 TRACE 64276 --- [water-server] [           main] o.s.jdbc.core.StatementCreatorUtils      : Setting SQL statement parameter value: column index 7, parameter value [Fund Platform], value class [java.lang.String], SQL type unknown
2026-04-09T21:43:50.846+08:00 TRACE 64276 --- [water-server] [           main] o.s.jdbc.core.StatementCreatorUtils      : Setting SQL statement parameter value: column index 8, parameter value [null], value class [null], SQL type unknown
2026-04-09T21:43:50.846+08:00 TRACE 64276 --- [water-server] [           main] o.s.jdbc.core.StatementCreatorUtils      : Setting SQL statement parameter value: column index 9, parameter value [Fund holding account], value class [java.lang.String], SQL type unknown
2026-04-09T21:43:50.847+08:00 TRACE 64276 --- [water-server] [           main] o.s.jdbc.core.StatementCreatorUtils      : Setting SQL statement parameter value: column index 10, parameter value [40], value class [java.lang.Integer], SQL type unknown
2026-04-09T21:43:50.847+08:00 TRACE 64276 --- [water-server] [           main] o.s.jdbc.core.StatementCreatorUtils      : Setting SQL statement parameter value: column index 11, parameter value [1], value class [java.lang.Integer], SQL type unknown
2026-04-09T21:43:50.854+08:00 DEBUG 64276 --- [water-server] [           main] o.s.jdbc.core.JdbcTemplate               : Executing prepared SQL update
2026-04-09T21:43:50.854+08:00 DEBUG 64276 --- [water-server] [           main] o.s.jdbc.core.JdbcTemplate               : Executing prepared SQL statement [INSERT OR IGNORE INTO asset_account (
    account_code,
    account_name,
    category_group,
    account_type,
    balance_direction,
    currency_code,
    institution_name,
    owner_name,
    remark,
    sort_order,
    enabled,
    updated_at
) VALUES (?, ?, ?, ?, ?, ?, ?, ?, ?, ?, ?, CURRENT_TIMESTAMP)
]
2026-04-09T21:43:50.854+08:00 TRACE 64276 --- [water-server] [           main] o.s.jdbc.core.StatementCreatorUtils      : Setting SQL statement parameter value: column index 1, parameter value [A_SHARE_ACCOUNT], value class [java.lang.String], SQL type unknown
2026-04-09T21:43:50.854+08:00 TRACE 64276 --- [water-server] [           main] o.s.jdbc.core.StatementCreatorUtils      : Setting SQL statement parameter value: column index 2, parameter value [A Share Account], value class [java.lang.String], SQL type unknown
2026-04-09T21:43:50.855+08:00 TRACE 64276 --- [water-server] [           main] o.s.jdbc.core.StatementCreatorUtils      : Setting SQL statement parameter value: column index 3, parameter value [INVESTMENT], value class [java.lang.String], SQL type unknown
2026-04-09T21:43:50.855+08:00 TRACE 64276 --- [water-server] [           main] o.s.jdbc.core.StatementCreatorUtils      : Setting SQL statement parameter value: column index 4, parameter value [INVESTMENT], value class [java.lang.String], SQL type unknown
2026-04-09T21:43:50.855+08:00 TRACE 64276 --- [water-server] [           main] o.s.jdbc.core.StatementCreatorUtils      : Setting SQL statement parameter value: column index 5, parameter value [ASSET], value class [java.lang.String], SQL type unknown
2026-04-09T21:43:50.855+08:00 TRACE 64276 --- [water-server] [           main] o.s.jdbc.core.StatementCreatorUtils      : Setting SQL statement parameter value: column index 6, parameter value [CNY], value class [java.lang.String], SQL type unknown
2026-04-09T21:43:50.855+08:00 TRACE 64276 --- [water-server] [           main] o.s.jdbc.core.StatementCreatorUtils      : Setting SQL statement parameter value: column index 7, parameter value [Broker], value class [java.lang.String], SQL type unknown
2026-04-09T21:43:50.855+08:00 TRACE 64276 --- [water-server] [           main] o.s.jdbc.core.StatementCreatorUtils      : Setting SQL statement parameter value: column index 8, parameter value [null], value class [null], SQL type unknown
2026-04-09T21:43:50.855+08:00 TRACE 64276 --- [water-server] [           main] o.s.jdbc.core.StatementCreatorUtils      : Setting SQL statement parameter value: column index 9, parameter value [A-share investment account], value class [java.lang.String], SQL type unknown
2026-04-09T21:43:50.855+08:00 TRACE 64276 --- [water-server] [           main] o.s.jdbc.core.StatementCreatorUtils      : Setting SQL statement parameter value: column index 10, parameter value [50], value class [java.lang.Integer], SQL type unknown
2026-04-09T21:43:50.855+08:00 TRACE 64276 --- [water-server] [           main] o.s.jdbc.core.StatementCreatorUtils      : Setting SQL statement parameter value: column index 11, parameter value [1], value class [java.lang.Integer], SQL type unknown
2026-04-09T21:43:50.861+08:00 DEBUG 64276 --- [water-server] [           main] o.s.jdbc.core.JdbcTemplate               : Executing prepared SQL update
2026-04-09T21:43:50.861+08:00 DEBUG 64276 --- [water-server] [           main] o.s.jdbc.core.JdbcTemplate               : Executing prepared SQL statement [INSERT OR IGNORE INTO asset_account (
    account_code,
    account_name,
    category_group,
    account_type,
    balance_direction,
    currency_code,
    institution_name,
    owner_name,
    remark,
    sort_order,
    enabled,
    updated_at
) VALUES (?, ?, ?, ?, ?, ?, ?, ?, ?, ?, ?, CURRENT_TIMESTAMP)
]
2026-04-09T21:43:50.861+08:00 TRACE 64276 --- [water-server] [           main] o.s.jdbc.core.StatementCreatorUtils      : Setting SQL statement parameter value: column index 1, parameter value [US_STOCK_ACCOUNT], value class [java.lang.String], SQL type unknown
2026-04-09T21:43:50.861+08:00 TRACE 64276 --- [water-server] [           main] o.s.jdbc.core.StatementCreatorUtils      : Setting SQL statement parameter value: column index 2, parameter value [US Stock Account], value class [java.lang.String], SQL type unknown
2026-04-09T21:43:50.862+08:00 TRACE 64276 --- [water-server] [           main] o.s.jdbc.core.StatementCreatorUtils      : Setting SQL statement parameter value: column index 3, parameter value [INVESTMENT], value class [java.lang.String], SQL type unknown
2026-04-09T21:43:50.862+08:00 TRACE 64276 --- [water-server] [           main] o.s.jdbc.core.StatementCreatorUtils      : Setting SQL statement parameter value: column index 4, parameter value [INVESTMENT], value class [java.lang.String], SQL type unknown
2026-04-09T21:43:50.862+08:00 TRACE 64276 --- [water-server] [           main] o.s.jdbc.core.StatementCreatorUtils      : Setting SQL statement parameter value: column index 5, parameter value [ASSET], value class [java.lang.String], SQL type unknown
2026-04-09T21:43:50.862+08:00 TRACE 64276 --- [water-server] [           main] o.s.jdbc.core.StatementCreatorUtils      : Setting SQL statement parameter value: column index 6, parameter value [USD], value class [java.lang.String], SQL type unknown
2026-04-09T21:43:50.862+08:00 TRACE 64276 --- [water-server] [           main] o.s.jdbc.core.StatementCreatorUtils      : Setting SQL statement parameter value: column index 7, parameter value [Broker], value class [java.lang.String], SQL type unknown
2026-04-09T21:43:50.862+08:00 TRACE 64276 --- [water-server] [           main] o.s.jdbc.core.StatementCreatorUtils      : Setting SQL statement parameter value: column index 8, parameter value [null], value class [null], SQL type unknown
2026-04-09T21:43:50.862+08:00 TRACE 64276 --- [water-server] [           main] o.s.jdbc.core.StatementCreatorUtils      : Setting SQL statement parameter value: column index 9, parameter value [US stock investment account], value class [java.lang.String], SQL type unknown
2026-04-09T21:43:50.862+08:00 TRACE 64276 --- [water-server] [           main] o.s.jdbc.core.StatementCreatorUtils      : Setting SQL statement parameter value: column index 10, parameter value [60], value class [java.lang.Integer], SQL type unknown
2026-04-09T21:43:50.862+08:00 TRACE 64276 --- [water-server] [           main] o.s.jdbc.core.StatementCreatorUtils      : Setting SQL statement parameter value: column index 11, parameter value [1], value class [java.lang.Integer], SQL type unknown
2026-04-09T21:43:50.868+08:00 DEBUG 64276 --- [water-server] [           main] o.s.jdbc.core.JdbcTemplate               : Executing prepared SQL update
2026-04-09T21:43:50.869+08:00 DEBUG 64276 --- [water-server] [           main] o.s.jdbc.core.JdbcTemplate               : Executing prepared SQL statement [INSERT OR IGNORE INTO asset_account (
    account_code,
    account_name,
    category_group,
    account_type,
    balance_direction,
    currency_code,
    institution_name,
    owner_name,
    remark,
    sort_order,
    enabled,
    updated_at
) VALUES (?, ?, ?, ?, ?, ?, ?, ?, ?, ?, ?, CURRENT_TIMESTAMP)
]
2026-04-09T21:43:50.869+08:00 TRACE 64276 --- [water-server] [           main] o.s.jdbc.core.StatementCreatorUtils      : Setting SQL statement parameter value: column index 1, parameter value [CREDIT_CARD_DUE], value class [java.lang.String], SQL type unknown
2026-04-09T21:43:50.869+08:00 TRACE 64276 --- [water-server] [           main] o.s.jdbc.core.StatementCreatorUtils      : Setting SQL statement parameter value: column index 2, parameter value [Credit Card Due], value class [java.lang.String], SQL type unknown
2026-04-09T21:43:50.869+08:00 TRACE 64276 --- [water-server] [           main] o.s.jdbc.core.StatementCreatorUtils      : Setting SQL statement parameter value: column index 3, parameter value [LIABILITY], value class [java.lang.String], SQL type unknown
2026-04-09T21:43:50.869+08:00 TRACE 64276 --- [water-server] [           main] o.s.jdbc.core.StatementCreatorUtils      : Setting SQL statement parameter value: column index 4, parameter value [CREDIT_CARD], value class [java.lang.String], SQL type unknown
2026-04-09T21:43:50.869+08:00 TRACE 64276 --- [water-server] [           main] o.s.jdbc.core.StatementCreatorUtils      : Setting SQL statement parameter value: column index 5, parameter value [DEBT], value class [java.lang.String], SQL type unknown
2026-04-09T21:43:50.869+08:00 TRACE 64276 --- [water-server] [           main] o.s.jdbc.core.StatementCreatorUtils      : Setting SQL statement parameter value: column index 6, parameter value [CNY], value class [java.lang.String], SQL type unknown
2026-04-09T21:43:50.869+08:00 TRACE 64276 --- [water-server] [           main] o.s.jdbc.core.StatementCreatorUtils      : Setting SQL statement parameter value: column index 7, parameter value [Credit Card], value class [java.lang.String], SQL type unknown
2026-04-09T21:43:50.869+08:00 TRACE 64276 --- [water-server] [           main] o.s.jdbc.core.StatementCreatorUtils      : Setting SQL statement parameter value: column index 8, parameter value [null], value class [null], SQL type unknown
2026-04-09T21:43:50.869+08:00 TRACE 64276 --- [water-server] [           main] o.s.jdbc.core.StatementCreatorUtils      : Setting SQL statement parameter value: column index 9, parameter value [Outstanding credit card balance], value class [java.lang.String], SQL type unknown
2026-04-09T21:43:50.869+08:00 TRACE 64276 --- [water-server] [           main] o.s.jdbc.core.StatementCreatorUtils      : Setting SQL statement parameter value: column index 10, parameter value [70], value class [java.lang.Integer], SQL type unknown
2026-04-09T21:43:50.869+08:00 TRACE 64276 --- [water-server] [           main] o.s.jdbc.core.StatementCreatorUtils      : Setting SQL statement parameter value: column index 11, parameter value [1], value class [java.lang.Integer], SQL type unknown
2026-04-09T21:43:50.876+08:00 DEBUG 64276 --- [water-server] [           main] o.s.jdbc.core.JdbcTemplate               : Executing prepared SQL update
2026-04-09T21:43:50.876+08:00 DEBUG 64276 --- [water-server] [           main] o.s.jdbc.core.JdbcTemplate               : Executing prepared SQL statement [INSERT OR IGNORE INTO asset_account (
    account_code,
    account_name,
    category_group,
    account_type,
    balance_direction,
    currency_code,
    institution_name,
    owner_name,
    remark,
    sort_order,
    enabled,
    updated_at
) VALUES (?, ?, ?, ?, ?, ?, ?, ?, ?, ?, ?, CURRENT_TIMESTAMP)
]
2026-04-09T21:43:50.876+08:00 TRACE 64276 --- [water-server] [           main] o.s.jdbc.core.StatementCreatorUtils      : Setting SQL statement parameter value: column index 1, parameter value [RECEIVABLES], value class [java.lang.String], SQL type unknown
2026-04-09T21:43:50.877+08:00 TRACE 64276 --- [water-server] [           main] o.s.jdbc.core.StatementCreatorUtils      : Setting SQL statement parameter value: column index 2, parameter value [Receivables], value class [java.lang.String], SQL type unknown
2026-04-09T21:43:50.877+08:00 TRACE 64276 --- [water-server] [           main] o.s.jdbc.core.StatementCreatorUtils      : Setting SQL statement parameter value: column index 3, parameter value [LIABILITY], value class [java.lang.String], SQL type unknown
2026-04-09T21:43:50.877+08:00 TRACE 64276 --- [water-server] [           main] o.s.jdbc.core.StatementCreatorUtils      : Setting SQL statement parameter value: column index 4, parameter value [RECEIVABLE], value class [java.lang.String], SQL type unknown
2026-04-09T21:43:50.877+08:00 TRACE 64276 --- [water-server] [           main] o.s.jdbc.core.StatementCreatorUtils      : Setting SQL statement parameter value: column index 5, parameter value [ASSET], value class [java.lang.String], SQL type unknown
2026-04-09T21:43:50.877+08:00 TRACE 64276 --- [water-server] [           main] o.s.jdbc.core.StatementCreatorUtils      : Setting SQL statement parameter value: column index 6, parameter value [CNY], value class [java.lang.String], SQL type unknown
2026-04-09T21:43:50.877+08:00 TRACE 64276 --- [water-server] [           main] o.s.jdbc.core.StatementCreatorUtils      : Setting SQL statement parameter value: column index 7, parameter value [Personal], value class [java.lang.String], SQL type unknown
2026-04-09T21:43:50.877+08:00 TRACE 64276 --- [water-server] [           main] o.s.jdbc.core.StatementCreatorUtils      : Setting SQL statement parameter value: column index 8, parameter value [null], value class [null], SQL type unknown
2026-04-09T21:43:50.877+08:00 TRACE 64276 --- [water-server] [           main] o.s.jdbc.core.StatementCreatorUtils      : Setting SQL statement parameter value: column index 9, parameter value [External receivables], value class [java.lang.String], SQL type unknown
2026-04-09T21:43:50.877+08:00 TRACE 64276 --- [water-server] [           main] o.s.jdbc.core.StatementCreatorUtils      : Setting SQL statement parameter value: column index 10, parameter value [80], value class [java.lang.Integer], SQL type unknown
2026-04-09T21:43:50.877+08:00 TRACE 64276 --- [water-server] [           main] o.s.jdbc.core.StatementCreatorUtils      : Setting SQL statement parameter value: column index 11, parameter value [1], value class [java.lang.Integer], SQL type unknown
2026-04-09T21:43:50.884+08:00 DEBUG 64276 --- [water-server] [           main] o.s.jdbc.core.JdbcTemplate               : Executing prepared SQL update
2026-04-09T21:43:50.884+08:00 DEBUG 64276 --- [water-server] [           main] o.s.jdbc.core.JdbcTemplate               : Executing prepared SQL statement [INSERT OR IGNORE INTO asset_account (
    account_code,
    account_name,
    category_group,
    account_type,
    balance_direction,
    currency_code,
    institution_name,
    owner_name,
    remark,
    sort_order,
    enabled,
    updated_at
) VALUES (?, ?, ?, ?, ?, ?, ?, ?, ?, ?, ?, CURRENT_TIMESTAMP)
]
2026-04-09T21:43:50.885+08:00 TRACE 64276 --- [water-server] [           main] o.s.jdbc.core.StatementCreatorUtils      : Setting SQL statement parameter value: column index 1, parameter value [INVESTMENT_LOSS], value class [java.lang.String], SQL type unknown
2026-04-09T21:43:50.885+08:00 TRACE 64276 --- [water-server] [           main] o.s.jdbc.core.StatementCreatorUtils      : Setting SQL statement parameter value: column index 2, parameter value [Investment Loss], value class [java.lang.String], SQL type unknown
2026-04-09T21:43:50.885+08:00 TRACE 64276 --- [water-server] [           main] o.s.jdbc.core.StatementCreatorUtils      : Setting SQL statement parameter value: column index 3, parameter value [INVESTMENT], value class [java.lang.String], SQL type unknown
2026-04-09T21:43:50.885+08:00 TRACE 64276 --- [water-server] [           main] o.s.jdbc.core.StatementCreatorUtils      : Setting SQL statement parameter value: column index 4, parameter value [LOSS], value class [java.lang.String], SQL type unknown
2026-04-09T21:43:50.885+08:00 TRACE 64276 --- [water-server] [           main] o.s.jdbc.core.StatementCreatorUtils      : Setting SQL statement parameter value: column index 5, parameter value [DEBT], value class [java.lang.String], SQL type unknown
2026-04-09T21:43:50.885+08:00 TRACE 64276 --- [water-server] [           main] o.s.jdbc.core.StatementCreatorUtils      : Setting SQL statement parameter value: column index 6, parameter value [CNY], value class [java.lang.String], SQL type unknown
2026-04-09T21:43:50.885+08:00 TRACE 64276 --- [water-server] [           main] o.s.jdbc.core.StatementCreatorUtils      : Setting SQL statement parameter value: column index 7, parameter value [Investment Summary], value class [java.lang.String], SQL type unknown
2026-04-09T21:43:50.885+08:00 TRACE 64276 --- [water-server] [           main] o.s.jdbc.core.StatementCreatorUtils      : Setting SQL statement parameter value: column index 8, parameter value [null], value class [null], SQL type unknown
2026-04-09T21:43:50.885+08:00 TRACE 64276 --- [water-server] [           main] o.s.jdbc.core.StatementCreatorUtils      : Setting SQL statement parameter value: column index 9, parameter value [Accumulated investment loss account], value class [java.lang.String], SQL type unknown
2026-04-09T21:43:50.885+08:00 TRACE 64276 --- [water-server] [           main] o.s.jdbc.core.StatementCreatorUtils      : Setting SQL statement parameter value: column index 10, parameter value [90], value class [java.lang.Integer], SQL type unknown
2026-04-09T21:43:50.885+08:00 TRACE 64276 --- [water-server] [           main] o.s.jdbc.core.StatementCreatorUtils      : Setting SQL statement parameter value: column index 11, parameter value [1], value class [java.lang.Integer], SQL type unknown
2026-04-09T21:43:50.892+08:00 DEBUG 64276 --- [water-server] [           main] o.s.jdbc.core.JdbcTemplate               : Executing prepared SQL update
2026-04-09T21:43:50.892+08:00 DEBUG 64276 --- [water-server] [           main] o.s.jdbc.core.JdbcTemplate               : Executing prepared SQL statement [INSERT OR IGNORE INTO asset_account (
    account_code,
    account_name,
    category_group,
    account_type,
    balance_direction,
    currency_code,
    institution_name,
    owner_name,
    remark,
    sort_order,
    enabled,
    updated_at
) VALUES (?, ?, ?, ?, ?, ?, ?, ?, ?, ?, ?, CURRENT_TIMESTAMP)
]
2026-04-09T21:43:50.892+08:00 TRACE 64276 --- [water-server] [           main] o.s.jdbc.core.StatementCreatorUtils      : Setting SQL statement parameter value: column index 1, parameter value [HOUSING_FUND], value class [java.lang.String], SQL type unknown
2026-04-09T21:43:50.892+08:00 TRACE 64276 --- [water-server] [           main] o.s.jdbc.core.StatementCreatorUtils      : Setting SQL statement parameter value: column index 2, parameter value [Housing Fund], value class [java.lang.String], SQL type unknown
2026-04-09T21:43:50.892+08:00 TRACE 64276 --- [water-server] [           main] o.s.jdbc.core.StatementCreatorUtils      : Setting SQL statement parameter value: column index 3, parameter value [CASH], value class [java.lang.String], SQL type unknown
2026-04-09T21:43:50.892+08:00 TRACE 64276 --- [water-server] [           main] o.s.jdbc.core.StatementCreatorUtils      : Setting SQL statement parameter value: column index 4, parameter value [HOUSING_FUND], value class [java.lang.String], SQL type unknown
2026-04-09T21:43:50.892+08:00 TRACE 64276 --- [water-server] [           main] o.s.jdbc.core.StatementCreatorUtils      : Setting SQL statement parameter value: column index 5, parameter value [ASSET], value class [java.lang.String], SQL type unknown
2026-04-09T21:43:50.893+08:00 TRACE 64276 --- [water-server] [           main] o.s.jdbc.core.StatementCreatorUtils      : Setting SQL statement parameter value: column index 6, parameter value [CNY], value class [java.lang.String], SQL type unknown
2026-04-09T21:43:50.893+08:00 TRACE 64276 --- [water-server] [           main] o.s.jdbc.core.StatementCreatorUtils      : Setting SQL statement parameter value: column index 7, parameter value [Housing Fund Center], value class [java.lang.String], SQL type unknown
2026-04-09T21:43:50.893+08:00 TRACE 64276 --- [water-server] [           main] o.s.jdbc.core.StatementCreatorUtils      : Setting SQL statement parameter value: column index 8, parameter value [null], value class [null], SQL type unknown
2026-04-09T21:43:50.893+08:00 TRACE 64276 --- [water-server] [           main] o.s.jdbc.core.StatementCreatorUtils      : Setting SQL statement parameter value: column index 9, parameter value [Housing fund account], value class [java.lang.String], SQL type unknown
2026-04-09T21:43:50.893+08:00 TRACE 64276 --- [water-server] [           main] o.s.jdbc.core.StatementCreatorUtils      : Setting SQL statement parameter value: column index 10, parameter value [100], value class [java.lang.Integer], SQL type unknown
2026-04-09T21:43:50.893+08:00 TRACE 64276 --- [water-server] [           main] o.s.jdbc.core.StatementCreatorUtils      : Setting SQL statement parameter value: column index 11, parameter value [1], value class [java.lang.Integer], SQL type unknown
2026-04-09T21:43:50.902+08:00 DEBUG 64276 --- [water-server] [           main] o.s.jdbc.core.JdbcTemplate               : Executing SQL query [SELECT id, account_code, account_type
FROM asset_account
WHERE category_group IS NULL OR TRIM(category_group) = ''
]
2026-04-09T21:43:50.904+08:00 DEBUG 64276 --- [water-server] [           main] o.s.jdbc.core.JdbcTemplate               : Executing SQL statement [CREATE INDEX IF NOT EXISTS idx_asset_account_group ON asset_account (category_group)]
2026-04-09T21:43:50.912+08:00 DEBUG 64276 --- [water-server] [           main] o.s.jdbc.core.JdbcTemplate               : Executing SQL statement [CREATE INDEX IF NOT EXISTS idx_asset_account_parent ON asset_account (parent_account_id)]
2026-04-09T21:43:50.921+08:00 DEBUG 64276 --- [water-server] [           main] o.s.jdbc.core.JdbcTemplate               : Executing SQL query [SELECT id
FROM asset_snapshot
ORDER BY snapshot_date DESC, id DESC
LIMIT 1
]
2026-04-09T21:43:50.924+08:00 DEBUG 64276 --- [water-server] [           main] o.s.jdbc.core.JdbcTemplate               : Executing SQL query [SELECT id,
       account_code,
       account_name,
       category_group,
       account_type,
       parent_account_id,
       is_summary,
       balance_direction,
       currency_code,
       institution_name,
       owner_name,
       remark,
       sort_order,
       enabled
FROM asset_account
 WHERE enabled = 1 ORDER BY sort_order ASC, id ASC]
2026-04-09T21:43:50.935+08:00 DEBUG 64276 --- [water-server] [           main] o.s.jdbc.core.JdbcTemplate               : Executing SQL update and returning generated keys
2026-04-09T21:43:50.935+08:00 DEBUG 64276 --- [water-server] [           main] o.s.jdbc.core.JdbcTemplate               : Executing prepared SQL statement
2026-04-09T21:43:50.940+08:00 DEBUG 64276 --- [water-server] [           main] o.s.jdbc.core.JdbcTemplate               : Executing SQL batch update [INSERT INTO asset_snapshot_detail (
    snapshot_id,
    account_id,
    amount,
    original_amount,
    currency_code,
    amount_source,
    is_computed,
    remark,
    updated_at
) VALUES (?, ?, ?, ?, ?, ?, ?, ?, CURRENT_TIMESTAMP)
] with a batch size of 4
2026-04-09T21:43:50.941+08:00 DEBUG 64276 --- [water-server] [           main] o.s.jdbc.core.JdbcTemplate               : Executing prepared SQL statement [INSERT INTO asset_snapshot_detail (
    snapshot_id,
    account_id,
    amount,
    original_amount,
    currency_code,
    amount_source,
    is_computed,
    remark,
    updated_at
) VALUES (?, ?, ?, ?, ?, ?, ?, ?, CURRENT_TIMESTAMP)
]
2026-04-09T21:43:50.950+08:00 DEBUG 64276 --- [water-server] [           main] o.s.jdbc.core.JdbcTemplate               : Executing prepared SQL query
2026-04-09T21:43:50.951+08:00 DEBUG 64276 --- [water-server] [           main] o.s.jdbc.core.JdbcTemplate               : Executing prepared SQL statement [SELECT id,
       snapshot_date,
       income,
       fixed_expense,
       cash_total,
       investment_total,
       liability_total,
       gross_account_value,
       profit_loss,
       net_worth,
       public_funds,
       extra_amount,
       balance,
       note,
       remark,
       source_row_number
FROM asset_snapshot
WHERE id = ?
]
2026-04-09T21:43:50.951+08:00 TRACE 64276 --- [water-server] [           main] o.s.jdbc.core.StatementCreatorUtils      : Setting SQL statement parameter value: column index 1, parameter value [1], value class [java.lang.Long], SQL type unknown
2026-04-09T21:43:50.956+08:00 DEBUG 64276 --- [water-server] [           main] o.s.jdbc.core.JdbcTemplate               : Executing prepared SQL query
2026-04-09T21:43:50.956+08:00 DEBUG 64276 --- [water-server] [           main] o.s.jdbc.core.JdbcTemplate               : Executing prepared SQL statement [SELECT d.snapshot_id,
       a.account_code,
       a.account_name,
       a.category_group,
       a.account_type,
       a.parent_account_id,
       a.is_summary,
       a.balance_direction,
       d.currency_code,
       d.amount,
       d.original_amount,
       d.amount_source,
       d.is_computed,
       d.remark
FROM asset_snapshot_detail d
JOIN asset_account a ON a.id = d.account_id
 WHERE d.snapshot_id IN (?) ORDER BY d.snapshot_id DESC, a.sort_order ASC, d.id ASC]
2026-04-09T21:43:50.956+08:00 TRACE 64276 --- [water-server] [           main] o.s.jdbc.core.StatementCreatorUtils      : Setting SQL statement parameter value: column index 1, parameter value [1], value class [java.lang.Long], SQL type unknown
2026-04-09T21:43:50.971+08:00 DEBUG 64276 --- [water-server] [           main] o.s.jdbc.core.JdbcTemplate               : Executing prepared SQL query
2026-04-09T21:43:50.971+08:00 DEBUG 64276 --- [water-server] [           main] o.s.jdbc.core.JdbcTemplate               : Executing prepared SQL statement [SELECT 1 FROM asset_snapshot WHERE id = ?]
2026-04-09T21:43:50.971+08:00 TRACE 64276 --- [water-server] [           main] o.s.jdbc.core.StatementCreatorUtils      : Setting SQL statement parameter value: column index 1, parameter value [1], value class [java.lang.Long], SQL type unknown
2026-04-09T21:43:50.971+08:00 DEBUG 64276 --- [water-server] [           main] o.s.jdbc.core.JdbcTemplate               : Executing SQL query [SELECT id
FROM asset_snapshot
ORDER BY snapshot_date DESC, id DESC
LIMIT 1
]
2026-04-09T21:43:50.972+08:00 DEBUG 64276 --- [water-server] [           main] o.s.jdbc.core.JdbcTemplate               : Executing prepared SQL query
2026-04-09T21:43:50.972+08:00 DEBUG 64276 --- [water-server] [           main] o.s.jdbc.core.JdbcTemplate               : Executing prepared SQL statement [SELECT account_id, amount
FROM asset_snapshot_detail
WHERE snapshot_id = ?
]
2026-04-09T21:43:50.972+08:00 TRACE 64276 --- [water-server] [           main] o.s.jdbc.core.StatementCreatorUtils      : Setting SQL statement parameter value: column index 1, parameter value [1], value class [java.lang.Long], SQL type unknown
2026-04-09T21:43:50.973+08:00 DEBUG 64276 --- [water-server] [           main] o.s.jdbc.core.JdbcTemplate               : Executing SQL query [SELECT id,
       account_code,
       account_name,
       category_group,
       account_type,
       parent_account_id,
       is_summary,
       balance_direction,
       currency_code,
       institution_name,
       owner_name,
       remark,
       sort_order,
       enabled
FROM asset_account
 WHERE enabled = 1 ORDER BY sort_order ASC, id ASC]
2026-04-09T21:43:50.978+08:00 DEBUG 64276 --- [water-server] [           main] o.s.jdbc.core.JdbcTemplate               : Executing prepared SQL update
2026-04-09T21:43:50.978+08:00 DEBUG 64276 --- [water-server] [           main] o.s.jdbc.core.JdbcTemplate               : Executing prepared SQL statement [UPDATE asset_snapshot
SET snapshot_date = ?,
    income = ?,
    fixed_expense = ?,
    cash_total = ?,
    investment_total = ?,
    liability_total = ?,
    gross_account_value = ?,
    profit_loss = ?,
    net_worth = ?,
    public_funds = ?,
    extra_amount = ?,
    balance = ?,
    note = ?,
    remark = ?,
    updated_at = CURRENT_TIMESTAMP
WHERE id = ?
]
2026-04-09T21:43:50.979+08:00 DEBUG 64276 --- [water-server] [           main] o.s.jdbc.core.JdbcTemplate               : Executing prepared SQL update
2026-04-09T21:43:50.980+08:00 DEBUG 64276 --- [water-server] [           main] o.s.jdbc.core.JdbcTemplate               : Executing prepared SQL statement [DELETE FROM asset_snapshot_detail WHERE snapshot_id = ?]
2026-04-09T21:43:50.980+08:00 TRACE 64276 --- [water-server] [           main] o.s.jdbc.core.StatementCreatorUtils      : Setting SQL statement parameter value: column index 1, parameter value [1], value class [java.lang.Long], SQL type unknown
2026-04-09T21:43:50.980+08:00 DEBUG 64276 --- [water-server] [           main] o.s.jdbc.core.JdbcTemplate               : Executing SQL batch update [INSERT INTO asset_snapshot_detail (
    snapshot_id,
    account_id,
    amount,
    original_amount,
    currency_code,
    amount_source,
    is_computed,
    remark,
    updated_at
) VALUES (?, ?, ?, ?, ?, ?, ?, ?, CURRENT_TIMESTAMP)
] with a batch size of 3
2026-04-09T21:43:50.980+08:00 DEBUG 64276 --- [water-server] [           main] o.s.jdbc.core.JdbcTemplate               : Executing prepared SQL statement [INSERT INTO asset_snapshot_detail (
    snapshot_id,
    account_id,
    amount,
    original_amount,
    currency_code,
    amount_source,
    is_computed,
    remark,
    updated_at
) VALUES (?, ?, ?, ?, ?, ?, ?, ?, CURRENT_TIMESTAMP)
]
2026-04-09T21:43:50.980+08:00 DEBUG 64276 --- [water-server] [           main] o.s.jdbc.core.JdbcTemplate               : Executing prepared SQL query
2026-04-09T21:43:50.980+08:00 DEBUG 64276 --- [water-server] [           main] o.s.jdbc.core.JdbcTemplate               : Executing prepared SQL statement [SELECT id,
       snapshot_date,
       income,
       fixed_expense,
       cash_total,
       investment_total,
       liability_total,
       gross_account_value,
       profit_loss,
       net_worth,
       public_funds,
       extra_amount,
       balance,
       note,
       remark,
       source_row_number
FROM asset_snapshot
WHERE id = ?
]
2026-04-09T21:43:50.981+08:00 TRACE 64276 --- [water-server] [           main] o.s.jdbc.core.StatementCreatorUtils      : Setting SQL statement parameter value: column index 1, parameter value [1], value class [java.lang.Long], SQL type unknown
2026-04-09T21:43:50.981+08:00 DEBUG 64276 --- [water-server] [           main] o.s.jdbc.core.JdbcTemplate               : Executing prepared SQL query
2026-04-09T21:43:50.981+08:00 DEBUG 64276 --- [water-server] [           main] o.s.jdbc.core.JdbcTemplate               : Executing prepared SQL statement [SELECT d.snapshot_id,
       a.account_code,
       a.account_name,
       a.category_group,
       a.account_type,
       a.parent_account_id,
       a.is_summary,
       a.balance_direction,
       d.currency_code,
       d.amount,
       d.original_amount,
       d.amount_source,
       d.is_computed,
       d.remark
FROM asset_snapshot_detail d
JOIN asset_account a ON a.id = d.account_id
 WHERE d.snapshot_id IN (?) ORDER BY d.snapshot_id DESC, a.sort_order ASC, d.id ASC]
2026-04-09T21:43:50.981+08:00 TRACE 64276 --- [water-server] [           main] o.s.jdbc.core.StatementCreatorUtils      : Setting SQL statement parameter value: column index 1, parameter value [1], value class [java.lang.Long], SQL type unknown
2026-04-09T21:43:50.988+08:00 DEBUG 64276 --- [water-server] [           main] o.s.jdbc.core.JdbcTemplate               : Executing prepared SQL update
2026-04-09T21:43:50.989+08:00 DEBUG 64276 --- [water-server] [           main] o.s.jdbc.core.JdbcTemplate               : Executing prepared SQL statement [DELETE FROM asset_snapshot_detail WHERE snapshot_id = ?]
2026-04-09T21:43:50.989+08:00 TRACE 64276 --- [water-server] [           main] o.s.jdbc.core.StatementCreatorUtils      : Setting SQL statement parameter value: column index 1, parameter value [1], value class [java.lang.Long], SQL type unknown
2026-04-09T21:43:50.990+08:00 DEBUG 64276 --- [water-server] [           main] o.s.jdbc.core.JdbcTemplate               : Executing prepared SQL update
2026-04-09T21:43:50.990+08:00 DEBUG 64276 --- [water-server] [           main] o.s.jdbc.core.JdbcTemplate               : Executing prepared SQL statement [DELETE FROM asset_snapshot WHERE id = ?]
2026-04-09T21:43:50.990+08:00 TRACE 64276 --- [water-server] [           main] o.s.jdbc.core.StatementCreatorUtils      : Setting SQL statement parameter value: column index 1, parameter value [1], value class [java.lang.Long], SQL type unknown
2026-04-09T21:43:50.995+08:00 DEBUG 64276 --- [water-server] [           main] o.s.jdbc.core.JdbcTemplate               : Executing SQL query [SELECT id,
       snapshot_date,
       income,
       fixed_expense,
       cash_total,
       investment_total,
       liability_total,
       gross_account_value,
       profit_loss,
       net_worth,
       public_funds,
       extra_amount,
       balance,
       note,
       remark,
       source_row_number
FROM asset_snapshot
ORDER BY snapshot_date DESC, id DESC
]
2026-04-09T21:43:50.995+08:00 DEBUG 64276 --- [water-server] [           main] o.s.jdbc.core.JdbcTemplate               : Executing prepared SQL query
2026-04-09T21:43:50.995+08:00 DEBUG 64276 --- [water-server] [           main] o.s.jdbc.core.JdbcTemplate               : Executing prepared SQL statement [SELECT d.snapshot_id,
       a.account_code,
       a.account_name,
       a.category_group,
       a.account_type,
       a.parent_account_id,
       a.is_summary,
       a.balance_direction,
       d.currency_code,
       d.amount,
       d.original_amount,
       d.amount_source,
       d.is_computed,
       d.remark
FROM asset_snapshot_detail d
JOIN asset_account a ON a.id = d.account_id
 ORDER BY d.snapshot_id DESC, a.sort_order ASC, d.id ASC]
]]></system-out>
  </testcase>
</testsuite>