<?xml version="1.0" encoding="UTF-8"?>
<testsuite xmlns:xsi="http://www.w3.org/2001/XMLSchema-instance" xsi:noNamespaceSchemaLocation="https://maven.apache.org/surefire/maven-surefire-plugin/xsd/surefire-test-report.xsd" version="3.0.2" name="com.water.server.snapshot.AssetAccountCommandServiceTests" time="2.462" tests="1" errors="0" skipped="0" failures="0">
  <properties>
[...]
</properties>
  <testcase name="createsUpdatesAndDeletesUnusedAccount" classname="com.water.server.snapshot.AssetAccountCommandServiceTests" time="0.593">
    <system-out><![CDATA[19:13:21.122 [main] INFO org.springframework.test.context.support.AnnotationConfigContextLoaderUtils -- Could not detect default configuration classes for test class [com.water.server.snapshot.AssetAccountCommandServiceTests]: AssetAccountCommandServiceTests does not declare any static, non-private, non-final, nested classes annotated with @Configuration.
19:13:21.216 [main] INFO org.springframework.boot.test.context.SpringBootTestContextBootstrapper -- Found @SpringBootConfiguration com.water.server.WaterServerApplication for test class com.water.server.snapshot.AssetAccountCommandServiceTests

  .   ____          _            __ _ _
 /\\ / ___'_ __ _ _(_)_ __  __ _ \ \ \ \
( ( )\___ | '_ | '_| | '_ \/ _` | \ \ \ \
 \\/  ___)| |_)| | | | | || (_| |  ) ) ) )
  '  |____| .__|_| |_|_| |_\__, | / / / /
 =========|_|==============|___/=/_/_/_/

 :: Spring Boot ::                (v3.4.3)

2026-03-30T19:13:21.568+08:00  INFO 12980 --- [water-server] [           main] c.w.s.s.AssetAccountCommandServiceTests  : Starting AssetAccountCommandServiceTests using Java 17.0.10 with PID 12980 (started by sharping in C:\Users\sharping\Documents\GitHub\water\water-server)
2026-03-30T19:13:21.570+08:00  INFO 12980 --- [water-server] [           main] c.w.s.s.AssetAccountCommandServiceTests  : No active profile set, falling back to 1 default profile: "default"
2026-03-30T19:13:22.153+08:00  INFO 12980 --- [water-server] [           main] com.zaxxer.hikari.HikariDataSource       : HikariPool-1 - Starting...
2026-03-30T19:13:22.250+08:00  INFO 12980 --- [water-server] [           main] com.zaxxer.hikari.pool.HikariPool        : HikariPool-1 - Added connection org.sqlite.jdbc4.JDBC4Connection@13c8ac77
2026-03-30T19:13:22.252+08:00  INFO 12980 --- [water-server] [           main] com.zaxxer.hikari.HikariDataSource       : HikariPool-1 - Start completed.
2026-03-30T19:13:22.768+08:00  INFO 12980 --- [water-server] [           main] c.w.s.s.AssetAccountCommandServiceTests  : Started AssetAccountCommandServiceTests in 1.411 seconds (process running for 2.083)
2026-03-30T19:13:22.773+08:00 DEBUG 12980 --- [water-server] [           main] o.s.jdbc.core.JdbcTemplate               : Executing SQL query [PRAGMA table_info(asset_account)]
2026-03-30T19:13:22.780+08:00 DEBUG 12980 --- [water-server] [           main] o.s.jdbc.core.JdbcTemplate               : Executing SQL query [PRAGMA table_info(asset_account)]
2026-03-30T19:13:22.781+08:00 DEBUG 12980 --- [water-server] [           main] o.s.jdbc.core.JdbcTemplate               : Executing SQL query [PRAGMA table_info(asset_account)]
2026-03-30T19:13:22.783+08:00 DEBUG 12980 --- [water-server] [           main] o.s.jdbc.core.JdbcTemplate               : Executing SQL query [PRAGMA table_info(asset_snapshot_detail)]
2026-03-30T19:13:22.783+08:00 DEBUG 12980 --- [water-server] [           main] o.s.jdbc.core.JdbcTemplate               : Executing SQL query [PRAGMA table_info(asset_snapshot_detail)]
2026-03-30T19:13:22.784+08:00 DEBUG 12980 --- [water-server] [           main] o.s.jdbc.core.JdbcTemplate               : Executing prepared SQL update
2026-03-30T19:13:22.785+08:00 DEBUG 12980 --- [water-server] [           main] o.s.jdbc.core.JdbcTemplate               : Executing prepared SQL statement [INSERT OR IGNORE INTO asset_account (
    account_code,
    account_name,
    category_group,
    account_type,
    balance_direction,
    currency_code,
    institution_name,
    owner_name,
    remark,
    sort_order,
    enabled,
    updated_at
) VALUES (?, ?, ?, ?, ?, ?, ?, ?, ?, ?, ?, CURRENT_TIMESTAMP)
]
2026-03-30T19:13:22.799+08:00 TRACE 12980 --- [water-server] [           main] o.s.jdbc.core.StatementCreatorUtils      : Setting SQL statement parameter value: column index 1, parameter value [ALIPAY], value class [java.lang.String], SQL type unknown
2026-03-30T19:13:22.800+08:00 TRACE 12980 --- [water-server] [           main] o.s.jdbc.core.StatementCreatorUtils      : Setting SQL statement parameter value: column index 2, parameter value [Alipay], value class [java.lang.String], SQL type unknown
2026-03-30T19:13:22.800+08:00 TRACE 12980 --- [water-server] [           main] o.s.jdbc.core.StatementCreatorUtils      : Setting SQL statement parameter value: column index 3, parameter value [CASH], value class [java.lang.String], SQL type unknown
2026-03-30T19:13:22.800+08:00 TRACE 12980 --- [water-server] [           main] o.s.jdbc.core.StatementCreatorUtils      : Setting SQL statement parameter value: column index 4, parameter value [EWALLET], value class [java.lang.String], SQL type unknown
2026-03-30T19:13:22.800+08:00 TRACE 12980 --- [water-server] [           main] o.s.jdbc.core.StatementCreatorUtils      : Setting SQL statement parameter value: column index 5, parameter value [ASSET], value class [java.lang.String], SQL type unknown
2026-03-30T19:13:22.800+08:00 TRACE 12980 --- [water-server] [           main] o.s.jdbc.core.StatementCreatorUtils      : Setting SQL statement parameter value: column index 6, parameter value [CNY], value class [java.lang.String], SQL type unknown
2026-03-30T19:13:22.800+08:00 TRACE 12980 --- [water-server] [           main] o.s.jdbc.core.StatementCreatorUtils      : Setting SQL statement parameter value: column index 7, parameter value [Alipay], value class [java.lang.String], SQL type unknown
2026-03-30T19:13:22.800+08:00 TRACE 12980 --- [water-server] [           main] o.s.jdbc.core.StatementCreatorUtils      : Setting SQL statement parameter value: column index 8, parameter value [null], value class [null], SQL type unknown
2026-03-30T19:13:22.805+08:00 TRACE 12980 --- [water-server] [           main] o.s.jdbc.core.StatementCreatorUtils      : Setting SQL statement parameter value: column index 9, parameter value [Daily payment account], value class [java.lang.String], SQL type unknown
2026-03-30T19:13:22.805+08:00 TRACE 12980 --- [water-server] [           main] o.s.jdbc.core.StatementCreatorUtils      : Setting SQL statement parameter value: column index 10, parameter value [10], value class [java.lang.Integer], SQL type unknown
2026-03-30T19:13:22.805+08:00 TRACE 12980 --- [water-server] [           main] o.s.jdbc.core.StatementCreatorUtils      : Setting SQL statement parameter value: column index 11, parameter value [1], value class [java.lang.Integer], SQL type unknown
2026-03-30T19:13:22.814+08:00 DEBUG 12980 --- [water-server] [           main] o.s.jdbc.core.JdbcTemplate               : Executing prepared SQL update
2026-03-30T19:13:22.814+08:00 DEBUG 12980 --- [water-server] [           main] o.s.jdbc.core.JdbcTemplate               : Executing prepared SQL statement [INSERT OR IGNORE INTO asset_account (
    account_code,
    account_name,
    category_group,
    account_type,
    balance_direction,
    currency_code,
    institution_name,
    owner_name,
    remark,
    sort_order,
    enabled,
    updated_at
) VALUES (?, ?, ?, ?, ?, ?, ?, ?, ?, ?, ?, CURRENT_TIMESTAMP)
]
2026-03-30T19:13:22.814+08:00 TRACE 12980 --- [water-server] [           main] o.s.jdbc.core.StatementCreatorUtils      : Setting SQL statement parameter value: column index 1, parameter value [WECHAT], value class [java.lang.String], SQL type unknown
2026-03-30T19:13:22.814+08:00 TRACE 12980 --- [water-server] [           main] o.s.jdbc.core.StatementCreatorUtils      : Setting SQL statement parameter value: column index 2, parameter value [WeChat], value class [java.lang.String], SQL type unknown
2026-03-30T19:13:22.814+08:00 TRACE 12980 --- [water-server] [           main] o.s.jdbc.core.StatementCreatorUtils      : Setting SQL statement parameter value: column index 3, parameter value [CASH], value class [java.lang.String], SQL type unknown
2026-03-30T19:13:22.814+08:00 TRACE 12980 --- [water-server] [           main] o.s.jdbc.core.StatementCreatorUtils      : Setting SQL statement parameter value: column index 4, parameter value [EWALLET], value class [java.lang.String], SQL type unknown
2026-03-30T19:13:22.814+08:00 TRACE 12980 --- [water-server] [           main] o.s.jdbc.core.StatementCreatorUtils      : Setting SQL statement parameter value: column index 5, parameter value [ASSET], value class [java.lang.String], SQL type unknown
2026-03-30T19:13:22.814+08:00 TRACE 12980 --- [water-server] [           main] o.s.jdbc.core.StatementCreatorUtils      : Setting SQL statement parameter value: column index 6, parameter value [CNY], value class [java.lang.String], SQL type unknown
2026-03-30T19:13:22.814+08:00 TRACE 12980 --- [water-server] [           main] o.s.jdbc.core.StatementCreatorUtils      : Setting SQL statement parameter value: column index 7, parameter value [WeChat Pay], value class [java.lang.String], SQL type unknown
2026-03-30T19:13:22.815+08:00 TRACE 12980 --- [water-server] [           main] o.s.jdbc.core.StatementCreatorUtils      : Setting SQL statement parameter value: column index 8, parameter value [null], value class [null], SQL type unknown
2026-03-30T19:13:22.815+08:00 TRACE 12980 --- [water-server] [           main] o.s.jdbc.core.StatementCreatorUtils      : Setting SQL statement parameter value: column index 9, parameter value [Daily payment account], value class [java.lang.String], SQL type unknown
2026-03-30T19:13:22.815+08:00 TRACE 12980 --- [water-server] [           main] o.s.jdbc.core.StatementCreatorUtils      : Setting SQL statement parameter value: column index 10, parameter value [20], value class [java.lang.Integer], SQL type unknown
2026-03-30T19:13:22.815+08:00 TRACE 12980 --- [water-server] [           main] o.s.jdbc.core.StatementCreatorUtils      : Setting SQL statement parameter value: column index 11, parameter value [1], value class [java.lang.Integer], SQL type unknown
2026-03-30T19:13:22.818+08:00 DEBUG 12980 --- [water-server] [           main] o.s.jdbc.core.JdbcTemplate               : Executing prepared SQL update
2026-03-30T19:13:22.818+08:00 DEBUG 12980 --- [water-server] [           main] o.s.jdbc.core.JdbcTemplate               : Executing prepared SQL statement [INSERT OR IGNORE INTO asset_account (
    account_code,
    account_name,
    category_group,
    account_type,
    balance_direction,
    currency_code,
    institution_name,
    owner_name,
    remark,
    sort_order,
    enabled,
    updated_at
) VALUES (?, ?, ?, ?, ?, ?, ?, ?, ?, ?, ?, CURRENT_TIMESTAMP)
]
2026-03-30T19:13:22.818+08:00 TRACE 12980 --- [water-server] [           main] o.s.jdbc.core.StatementCreatorUtils      : Setting SQL statement parameter value: column index 1, parameter value [DEFAULT_BANK_CARD], value class [java.lang.String], SQL type unknown
2026-03-30T19:13:22.818+08:00 TRACE 12980 --- [water-server] [           main] o.s.jdbc.core.StatementCreatorUtils      : Setting SQL statement parameter value: column index 2, parameter value [Default Bank Card], value class [java.lang.String], SQL type unknown
2026-03-30T19:13:22.819+08:00 TRACE 12980 --- [water-server] [           main] o.s.jdbc.core.StatementCreatorUtils      : Setting SQL statement parameter value: column index 3, parameter value [CASH], value class [java.lang.String], SQL type unknown
2026-03-30T19:13:22.819+08:00 TRACE 12980 --- [water-server] [           main] o.s.jdbc.core.StatementCreatorUtils      : Setting SQL statement parameter value: column index 4, parameter value [BANK_CARD], value class [java.lang.String], SQL type unknown
2026-03-30T19:13:22.819+08:00 TRACE 12980 --- [water-server] [           main] o.s.jdbc.core.StatementCreatorUtils      : Setting SQL statement parameter value: column index 5, parameter value [ASSET], value class [java.lang.String], SQL type unknown
2026-03-30T19:13:22.819+08:00 TRACE 12980 --- [water-server] [           main] o.s.jdbc.core.StatementCreatorUtils      : Setting SQL statement parameter value: column index 6, parameter value [CNY], value class [java.lang.String], SQL type unknown
2026-03-30T19:13:22.819+08:00 TRACE 12980 --- [water-server] [           main] o.s.jdbc.core.StatementCreatorUtils      : Setting SQL statement parameter value: column index 7, parameter value [Default Bank Card], value class [java.lang.String], SQL type unknown
2026-03-30T19:13:22.819+08:00 TRACE 12980 --- [water-server] [           main] o.s.jdbc.core.StatementCreatorUtils      : Setting SQL statement parameter value: column index 8, parameter value [null], value class [null], SQL type unknown
2026-03-30T19:13:22.819+08:00 TRACE 12980 --- [water-server] [           main] o.s.jdbc.core.StatementCreatorUtils      : Setting SQL statement parameter value: column index 9, parameter value [Primary bank card account], value class [java.lang.String], SQL type unknown
2026-03-30T19:13:22.819+08:00 TRACE 12980 --- [water-server] [           main] o.s.jdbc.core.StatementCreatorUtils      : Setting SQL statement parameter value: column index 10, parameter value [30], value class [java.lang.Integer], SQL type unknown
2026-03-30T19:13:22.819+08:00 TRACE 12980 --- [water-server] [           main] o.s.jdbc.core.StatementCreatorUtils      : Setting SQL statement parameter value: column index 11, parameter value [1], value class [java.lang.Integer], SQL type unknown
2026-03-30T19:13:22.823+08:00 DEBUG 12980 --- [water-server] [           main] o.s.jdbc.core.JdbcTemplate               : Executing prepared SQL update
2026-03-30T19:13:22.823+08:00 DEBUG 12980 --- [water-server] [           main] o.s.jdbc.core.JdbcTemplate               : Executing prepared SQL statement [INSERT OR IGNORE INTO asset_account (
    account_code,
    account_name,
    category_group,
    account_type,
    balance_direction,
    currency_code,
    institution_name,
    owner_name,
    remark,
    sort_order,
    enabled,
    updated_at
) VALUES (?, ?, ?, ?, ?, ?, ?, ?, ?, ?, ?, CURRENT_TIMESTAMP)
]
2026-03-30T19:13:22.823+08:00 TRACE 12980 --- [water-server] [           main] o.s.jdbc.core.StatementCreatorUtils      : Setting SQL statement parameter value: column index 1, parameter value [FUND_ACCOUNT], value class [java.lang.String], SQL type unknown
2026-03-30T19:13:22.823+08:00 TRACE 12980 --- [water-server] [           main] o.s.jdbc.core.StatementCreatorUtils      : Setting SQL statement parameter value: column index 2, parameter value [Fund Account], value class [java.lang.String], SQL type unknown
2026-03-30T19:13:22.823+08:00 TRACE 12980 --- [water-server] [           main] o.s.jdbc.core.StatementCreatorUtils      : Setting SQL statement parameter value: column index 3, parameter value [INVESTMENT], value class [java.lang.String], SQL type unknown
2026-03-30T19:13:22.823+08:00 TRACE 12980 --- [water-server] [           main] o.s.jdbc.core.StatementCreatorUtils      : Setting SQL statement parameter value: column index 4, parameter value [INVESTMENT], value class [java.lang.String], SQL type unknown
2026-03-30T19:13:22.823+08:00 TRACE 12980 --- [water-server] [           main] o.s.jdbc.core.StatementCreatorUtils      : Setting SQL statement parameter value: column index 5, parameter value [ASSET], value class [java.lang.String], SQL type unknown
2026-03-30T19:13:22.824+08:00 TRACE 12980 --- [water-server] [           main] o.s.jdbc.core.StatementCreatorUtils      : Setting SQL statement parameter value: column index 6, parameter value [CNY], value class [java.lang.String], SQL type unknown
2026-03-30T19:13:22.824+08:00 TRACE 12980 --- [water-server] [           main] o.s.jdbc.core.StatementCreatorUtils      : Setting SQL statement parameter value: column index 7, parameter value [Fund Platform], value class [java.lang.String], SQL type unknown
2026-03-30T19:13:22.824+08:00 TRACE 12980 --- [water-server] [           main] o.s.jdbc.core.StatementCreatorUtils      : Setting SQL statement parameter value: column index 8, parameter value [null], value class [null], SQL type unknown
2026-03-30T19:13:22.824+08:00 TRACE 12980 --- [water-server] [           main] o.s.jdbc.core.StatementCreatorUtils      : Setting SQL statement parameter value: column index 9, parameter value [Fund holding account], value class [java.lang.String], SQL type unknown
2026-03-30T19:13:22.824+08:00 TRACE 12980 --- [water-server] [           main] o.s.jdbc.core.StatementCreatorUtils      : Setting SQL statement parameter value: column index 10, parameter value [40], value class [java.lang.Integer], SQL type unknown
2026-03-30T19:13:22.824+08:00 TRACE 12980 --- [water-server] [           main] o.s.jdbc.core.StatementCreatorUtils      : Setting SQL statement parameter value: column index 11, parameter value [1], value class [java.lang.Integer], SQL type unknown
2026-03-30T19:13:22.827+08:00 DEBUG 12980 --- [water-server] [           main] o.s.jdbc.core.JdbcTemplate               : Executing prepared SQL update
2026-03-30T19:13:22.828+08:00 DEBUG 12980 --- [water-server] [           main] o.s.jdbc.core.JdbcTemplate               : Executing prepared SQL statement [INSERT OR IGNORE INTO asset_account (
    account_code,
    account_name,
    category_group,
    account_type,
    balance_direction,
    currency_code,
    institution_name,
    owner_name,
    remark,
    sort_order,
    enabled,
    updated_at
) VALUES (?, ?, ?, ?, ?, ?, ?, ?, ?, ?, ?, CURRENT_TIMESTAMP)
]
2026-03-30T19:13:22.828+08:00 TRACE 12980 --- [water-server] [           main] o.s.jdbc.core.StatementCreatorUtils      : Setting SQL statement parameter value: column index 1, parameter value [A_SHARE_ACCOUNT], value class [java.lang.String], SQL type unknown
2026-03-30T19:13:22.828+08:00 TRACE 12980 --- [water-server] [           main] o.s.jdbc.core.StatementCreatorUtils      : Setting SQL statement parameter value: column index 2, parameter value [A Share Account], value class [java.lang.String], SQL type unknown
2026-03-30T19:13:22.828+08:00 TRACE 12980 --- [water-server] [           main] o.s.jdbc.core.StatementCreatorUtils      : Setting SQL statement parameter value: column index 3, parameter value [INVESTMENT], value class [java.lang.String], SQL type unknown
2026-03-30T19:13:22.828+08:00 TRACE 12980 --- [water-server] [           main] o.s.jdbc.core.StatementCreatorUtils      : Setting SQL statement parameter value: column index 4, parameter value [INVESTMENT], value class [java.lang.String], SQL type unknown
2026-03-30T19:13:22.828+08:00 TRACE 12980 --- [water-server] [           main] o.s.jdbc.core.StatementCreatorUtils      : Setting SQL statement parameter value: column index 5, parameter value [ASSET], value class [java.lang.String], SQL type unknown
2026-03-30T19:13:22.828+08:00 TRACE 12980 --- [water-server] [           main] o.s.jdbc.core.StatementCreatorUtils      : Setting SQL statement parameter value: column index 6, parameter value [CNY], value class [java.lang.String], SQL type unknown
2026-03-30T19:13:22.828+08:00 TRACE 12980 --- [water-server] [           main] o.s.jdbc.core.StatementCreatorUtils      : Setting SQL statement parameter value: column index 7, parameter value [Broker], value class [java.lang.String], SQL type unknown
2026-03-30T19:13:22.828+08:00 TRACE 12980 --- [water-server] [           main] o.s.jdbc.core.StatementCreatorUtils      : Setting SQL statement parameter value: column index 8, parameter value [null], value class [null], SQL type unknown
2026-03-30T19:13:22.828+08:00 TRACE 12980 --- [water-server] [           main] o.s.jdbc.core.StatementCreatorUtils      : Setting SQL statement parameter value: column index 9, parameter value [A-share investment account], value class [java.lang.String], SQL type unknown
2026-03-30T19:13:22.828+08:00 TRACE 12980 --- [water-server] [           main] o.s.jdbc.core.StatementCreatorUtils      : Setting SQL statement parameter value: column index 10, parameter value [50], value class [java.lang.Integer], SQL type unknown
2026-03-30T19:13:22.828+08:00 TRACE 12980 --- [water-server] [           main] o.s.jdbc.core.StatementCreatorUtils      : Setting SQL statement parameter value: column index 11, parameter value [1], value class [java.lang.Integer], SQL type unknown
2026-03-30T19:13:22.831+08:00 DEBUG 12980 --- [water-server] [           main] o.s.jdbc.core.JdbcTemplate               : Executing prepared SQL update
2026-03-30T19:13:22.831+08:00 DEBUG 12980 --- [water-server] [           main] o.s.jdbc.core.JdbcTemplate               : Executing prepared SQL statement [INSERT OR IGNORE INTO asset_account (
    account_code,
    account_name,
    category_group,
    account_type,
    balance_direction,
    currency_code,
    institution_name,
    owner_name,
    remark,
    sort_order,
    enabled,
    updated_at
) VALUES (?, ?, ?, ?, ?, ?, ?, ?, ?, ?, ?, CURRENT_TIMESTAMP)
]
2026-03-30T19:13:22.831+08:00 TRACE 12980 --- [water-server] [           main] o.s.jdbc.core.StatementCreatorUtils      : Setting SQL statement parameter value: column index 1, parameter value [US_STOCK_ACCOUNT], value class [java.lang.String], SQL type unknown
2026-03-30T19:13:22.831+08:00 TRACE 12980 --- [water-server] [           main] o.s.jdbc.core.StatementCreatorUtils      : Setting SQL statement parameter value: column index 2, parameter value [US Stock Account], value class [java.lang.String], SQL type unknown
2026-03-30T19:13:22.831+08:00 TRACE 12980 --- [water-server] [           main] o.s.jdbc.core.StatementCreatorUtils      : Setting SQL statement parameter value: column index 3, parameter value [INVESTMENT], value class [java.lang.String], SQL type unknown
2026-03-30T19:13:22.831+08:00 TRACE 12980 --- [water-server] [           main] o.s.jdbc.core.StatementCreatorUtils      : Setting SQL statement parameter value: column index 4, parameter value [INVESTMENT], value class [java.lang.String], SQL type unknown
2026-03-30T19:13:22.831+08:00 TRACE 12980 --- [water-server] [           main] o.s.jdbc.core.StatementCreatorUtils      : Setting SQL statement parameter value: column index 5, parameter value [ASSET], value class [java.lang.String], SQL type unknown
2026-03-30T19:13:22.831+08:00 TRACE 12980 --- [water-server] [           main] o.s.jdbc.core.StatementCreatorUtils      : Setting SQL statement parameter value: column index 6, parameter value [USD], value class [java.lang.String], SQL type unknown
2026-03-30T19:13:22.832+08:00 TRACE 12980 --- [water-server] [           main] o.s.jdbc.core.StatementCreatorUtils      : Setting SQL statement parameter value: column index 7, parameter value [Broker], value class [java.lang.String], SQL type unknown
2026-03-30T19:13:22.832+08:00 TRACE 12980 --- [water-server] [           main] o.s.jdbc.core.StatementCreatorUtils      : Setting SQL statement parameter value: column index 8, parameter value [null], value class [null], SQL type unknown
2026-03-30T19:13:22.832+08:00 TRACE 12980 --- [water-server] [           main] o.s.jdbc.core.StatementCreatorUtils      : Setting SQL statement parameter value: column index 9, parameter value [US stock investment account], value class [java.lang.String], SQL type unknown
2026-03-30T19:13:22.832+08:00 TRACE 12980 --- [water-server] [           main] o.s.jdbc.core.StatementCreatorUtils      : Setting SQL statement parameter value: column index 10, parameter value [60], value class [java.lang.Integer], SQL type unknown
2026-03-30T19:13:22.832+08:00 TRACE 12980 --- [water-server] [           main] o.s.jdbc.core.StatementCreatorUtils      : Setting SQL statement parameter value: column index 11, parameter value [1], value class [java.lang.Integer], SQL type unknown
2026-03-30T19:13:22.835+08:00 DEBUG 12980 --- [water-server] [           main] o.s.jdbc.core.JdbcTemplate               : Executing prepared SQL update
2026-03-30T19:13:22.835+08:00 DEBUG 12980 --- [water-server] [           main] o.s.jdbc.core.JdbcTemplate               : Executing prepared SQL statement [INSERT OR IGNORE INTO asset_account (
    account_code,
    account_name,
    category_group,
    account_type,
    balance_direction,
    currency_code,
    institution_name,
    owner_name,
    remark,
    sort_order,
    enabled,
    updated_at
) VALUES (?, ?, ?, ?, ?, ?, ?, ?, ?, ?, ?, CURRENT_TIMESTAMP)
]
2026-03-30T19:13:22.835+08:00 TRACE 12980 --- [water-server] [           main] o.s.jdbc.core.StatementCreatorUtils      : Setting SQL statement parameter value: column index 1, parameter value [CREDIT_CARD_DUE], value class [java.lang.String], SQL type unknown
2026-03-30T19:13:22.835+08:00 TRACE 12980 --- [water-server] [           main] o.s.jdbc.core.StatementCreatorUtils      : Setting SQL statement parameter value: column index 2, parameter value [Credit Card Due], value class [java.lang.String], SQL type unknown
2026-03-30T19:13:22.835+08:00 TRACE 12980 --- [water-server] [           main] o.s.jdbc.core.StatementCreatorUtils      : Setting SQL statement parameter value: column index 3, parameter value [LIABILITY], value class [java.lang.String], SQL type unknown
2026-03-30T19:13:22.835+08:00 TRACE 12980 --- [water-server] [           main] o.s.jdbc.core.StatementCreatorUtils      : Setting SQL statement parameter value: column index 4, parameter value [CREDIT_CARD], value class [java.lang.String], SQL type unknown
2026-03-30T19:13:22.835+08:00 TRACE 12980 --- [water-server] [           main] o.s.jdbc.core.StatementCreatorUtils      : Setting SQL statement parameter value: column index 5, parameter value [DEBT], value class [java.lang.String], SQL type unknown
2026-03-30T19:13:22.835+08:00 TRACE 12980 --- [water-server] [           main] o.s.jdbc.core.StatementCreatorUtils      : Setting SQL statement parameter value: column index 6, parameter value [CNY], value class [java.lang.String], SQL type unknown
2026-03-30T19:13:22.835+08:00 TRACE 12980 --- [water-server] [           main] o.s.jdbc.core.StatementCreatorUtils      : Setting SQL statement parameter value: column index 7, parameter value [Credit Card], value class [java.lang.String], SQL type unknown
2026-03-30T19:13:22.835+08:00 TRACE 12980 --- [water-server] [           main] o.s.jdbc.core.StatementCreatorUtils      : Setting SQL statement parameter value: column index 8, parameter value [null], value class [null], SQL type unknown
2026-03-30T19:13:22.836+08:00 TRACE 12980 --- [water-server] [           main] o.s.jdbc.core.StatementCreatorUtils      : Setting SQL statement parameter value: column index 9, parameter value [Outstanding credit card balance], value class [java.lang.String], SQL type unknown
2026-03-30T19:13:22.836+08:00 TRACE 12980 --- [water-server] [           main] o.s.jdbc.core.StatementCreatorUtils      : Setting SQL statement parameter value: column index 10, parameter value [70], value class [java.lang.Integer], SQL type unknown
2026-03-30T19:13:22.836+08:00 TRACE 12980 --- [water-server] [           main] o.s.jdbc.core.StatementCreatorUtils      : Setting SQL statement parameter value: column index 11, parameter value [1], value class [java.lang.Integer], SQL type unknown
2026-03-30T19:13:22.838+08:00 DEBUG 12980 --- [water-server] [           main] o.s.jdbc.core.JdbcTemplate               : Executing prepared SQL update
2026-03-30T19:13:22.839+08:00 DEBUG 12980 --- [water-server] [           main] o.s.jdbc.core.JdbcTemplate               : Executing prepared SQL statement [INSERT OR IGNORE INTO asset_account (
    account_code,
    account_name,
    category_group,
    account_type,
    balance_direction,
    currency_code,
    institution_name,
    owner_name,
    remark,
    sort_order,
    enabled,
    updated_at
) VALUES (?, ?, ?, ?, ?, ?, ?, ?, ?, ?, ?, CURRENT_TIMESTAMP)
]
2026-03-30T19:13:22.839+08:00 TRACE 12980 --- [water-server] [           main] o.s.jdbc.core.StatementCreatorUtils      : Setting SQL statement parameter value: column index 1, parameter value [RECEIVABLES], value class [java.lang.String], SQL type unknown
2026-03-30T19:13:22.839+08:00 TRACE 12980 --- [water-server] [           main] o.s.jdbc.core.StatementCreatorUtils      : Setting SQL statement parameter value: column index 2, parameter value [Receivables], value class [java.lang.String], SQL type unknown
2026-03-30T19:13:22.839+08:00 TRACE 12980 --- [water-server] [           main] o.s.jdbc.core.StatementCreatorUtils      : Setting SQL statement parameter value: column index 3, parameter value [LIABILITY], value class [java.lang.String], SQL type unknown
2026-03-30T19:13:22.839+08:00 TRACE 12980 --- [water-server] [           main] o.s.jdbc.core.StatementCreatorUtils      : Setting SQL statement parameter value: column index 4, parameter value [RECEIVABLE], value class [java.lang.String], SQL type unknown
2026-03-30T19:13:22.839+08:00 TRACE 12980 --- [water-server] [           main] o.s.jdbc.core.StatementCreatorUtils      : Setting SQL statement parameter value: column index 5, parameter value [ASSET], value class [java.lang.String], SQL type unknown
2026-03-30T19:13:22.839+08:00 TRACE 12980 --- [water-server] [           main] o.s.jdbc.core.StatementCreatorUtils      : Setting SQL statement parameter value: column index 6, parameter value [CNY], value class [java.lang.String], SQL type unknown
2026-03-30T19:13:22.839+08:00 TRACE 12980 --- [water-server] [           main] o.s.jdbc.core.StatementCreatorUtils      : Setting SQL statement parameter value: column index 7, parameter value [Personal], value class [java.lang.String], SQL type unknown
2026-03-30T19:13:22.839+08:00 TRACE 12980 --- [water-server] [           main] o.s.jdbc.core.StatementCreatorUtils      : Setting SQL statement parameter value: column index 8, parameter value [null], value class [null], SQL type unknown
2026-03-30T19:13:22.839+08:00 TRACE 12980 --- [water-server] [           main] o.s.jdbc.core.StatementCreatorUtils      : Setting SQL statement parameter value: column index 9, parameter value [External receivables], value class [java.lang.String], SQL type unknown
2026-03-30T19:13:22.839+08:00 TRACE 12980 --- [water-server] [           main] o.s.jdbc.core.StatementCreatorUtils      : Setting SQL statement parameter value: column index 10, parameter value [80], value class [java.lang.Integer], SQL type unknown
2026-03-30T19:13:22.839+08:00 TRACE 12980 --- [water-server] [           main] o.s.jdbc.core.StatementCreatorUtils      : Setting SQL statement parameter value: column index 11, parameter value [1], value class [java.lang.Integer], SQL type unknown
2026-03-30T19:13:22.844+08:00 DEBUG 12980 --- [water-server] [           main] o.s.jdbc.core.JdbcTemplate               : Executing prepared SQL update
2026-03-30T19:13:22.844+08:00 DEBUG 12980 --- [water-server] [           main] o.s.jdbc.core.JdbcTemplate               : Executing prepared SQL statement [INSERT OR IGNORE INTO asset_account (
    account_code,
    account_name,
    category_group,
    account_type,
    balance_direction,
    currency_code,
    institution_name,
    owner_name,
    remark,
    sort_order,
    enabled,
    updated_at
) VALUES (?, ?, ?, ?, ?, ?, ?, ?, ?, ?, ?, CURRENT_TIMESTAMP)
]
2026-03-30T19:13:22.844+08:00 TRACE 12980 --- [water-server] [           main] o.s.jdbc.core.StatementCreatorUtils      : Setting SQL statement parameter value: column index 1, parameter value [INVESTMENT_LOSS], value class [java.lang.String], SQL type unknown
2026-03-30T19:13:22.844+08:00 TRACE 12980 --- [water-server] [           main] o.s.jdbc.core.StatementCreatorUtils      : Setting SQL statement parameter value: column index 2, parameter value [Investment Loss], value class [java.lang.String], SQL type unknown
2026-03-30T19:13:22.844+08:00 TRACE 12980 --- [water-server] [           main] o.s.jdbc.core.StatementCreatorUtils      : Setting SQL statement parameter value: column index 3, parameter value [INVESTMENT], value class [java.lang.String], SQL type unknown
2026-03-30T19:13:22.845+08:00 TRACE 12980 --- [water-server] [           main] o.s.jdbc.core.StatementCreatorUtils      : Setting SQL statement parameter value: column index 4, parameter value [LOSS], value class [java.lang.String], SQL type unknown
2026-03-30T19:13:22.845+08:00 TRACE 12980 --- [water-server] [           main] o.s.jdbc.core.StatementCreatorUtils      : Setting SQL statement parameter value: column index 5, parameter value [DEBT], value class [java.lang.String], SQL type unknown
2026-03-30T19:13:22.845+08:00 TRACE 12980 --- [water-server] [           main] o.s.jdbc.core.StatementCreatorUtils      : Setting SQL statement parameter value: column index 6, parameter value [CNY], value class [java.lang.String], SQL type unknown
2026-03-30T19:13:22.845+08:00 TRACE 12980 --- [water-server] [           main] o.s.jdbc.core.StatementCreatorUtils      : Setting SQL statement parameter value: column index 7, parameter value [Investment Summary], value class [java.lang.String], SQL type unknown
2026-03-30T19:13:22.845+08:00 TRACE 12980 --- [water-server] [           main] o.s.jdbc.core.StatementCreatorUtils      : Setting SQL statement parameter value: column index 8, parameter value [null], value class [null], SQL type unknown
2026-03-30T19:13:22.845+08:00 TRACE 12980 --- [water-server] [           main] o.s.jdbc.core.StatementCreatorUtils      : Setting SQL statement parameter value: column index 9, parameter value [Accumulated investment loss account], value class [java.lang.String], SQL type unknown
2026-03-30T19:13:22.846+08:00 TRACE 12980 --- [water-server] [           main] o.s.jdbc.core.StatementCreatorUtils      : Setting SQL statement parameter value: column index 10, parameter value [90], value class [java.lang.Integer], SQL type unknown
2026-03-30T19:13:22.846+08:00 TRACE 12980 --- [water-server] [           main] o.s.jdbc.core.StatementCreatorUtils      : Setting SQL statement parameter value: column index 11, parameter value [1], value class [java.lang.Integer], SQL type unknown
2026-03-30T19:13:22.851+08:00 DEBUG 12980 --- [water-server] [           main] o.s.jdbc.core.JdbcTemplate               : Executing prepared SQL update
2026-03-30T19:13:22.851+08:00 DEBUG 12980 --- [water-server] [           main] o.s.jdbc.core.JdbcTemplate               : Executing prepared SQL statement [INSERT OR IGNORE INTO asset_account (
    account_code,
    account_name,
    category_group,
    account_type,
    balance_direction,
    currency_code,
    institution_name,
    owner_name,
    remark,
    sort_order,
    enabled,
    updated_at
) VALUES (?, ?, ?, ?, ?, ?, ?, ?, ?, ?, ?, CURRENT_TIMESTAMP)
]
2026-03-30T19:13:22.851+08:00 TRACE 12980 --- [water-server] [           main] o.s.jdbc.core.StatementCreatorUtils      : Setting SQL statement parameter value: column index 1, parameter value [HOUSING_FUND], value class [java.lang.String], SQL type unknown
2026-03-30T19:13:22.852+08:00 TRACE 12980 --- [water-server] [           main] o.s.jdbc.core.StatementCreatorUtils      : Setting SQL statement parameter value: column index 2, parameter value [Housing Fund], value class [java.lang.String], SQL type unknown
2026-03-30T19:13:22.852+08:00 TRACE 12980 --- [water-server] [           main] o.s.jdbc.core.StatementCreatorUtils      : Setting SQL statement parameter value: column index 3, parameter value [CASH], value class [java.lang.String], SQL type unknown
2026-03-30T19:13:22.852+08:00 TRACE 12980 --- [water-server] [           main] o.s.jdbc.core.StatementCreatorUtils      : Setting SQL statement parameter value: column index 4, parameter value [HOUSING_FUND], value class [java.lang.String], SQL type unknown
2026-03-30T19:13:22.852+08:00 TRACE 12980 --- [water-server] [           main] o.s.jdbc.core.StatementCreatorUtils      : Setting SQL statement parameter value: column index 5, parameter value [ASSET], value class [java.lang.String], SQL type unknown
2026-03-30T19:13:22.852+08:00 TRACE 12980 --- [water-server] [           main] o.s.jdbc.core.StatementCreatorUtils      : Setting SQL statement parameter value: column index 6, parameter value [CNY], value class [java.lang.String], SQL type unknown
2026-03-30T19:13:22.852+08:00 TRACE 12980 --- [water-server] [           main] o.s.jdbc.core.StatementCreatorUtils      : Setting SQL statement parameter value: column index 7, parameter value [Housing Fund Center], value class [java.lang.String], SQL type unknown
2026-03-30T19:13:22.852+08:00 TRACE 12980 --- [water-server] [           main] o.s.jdbc.core.StatementCreatorUtils      : Setting SQL statement parameter value: column index 8, parameter value [null], value class [null], SQL type unknown
2026-03-30T19:13:22.853+08:00 TRACE 12980 --- [water-server] [           main] o.s.jdbc.core.StatementCreatorUtils      : Setting SQL statement parameter value: column index 9, parameter value [Housing fund account], value class [java.lang.String], SQL type unknown
2026-03-30T19:13:22.853+08:00 TRACE 12980 --- [water-server] [           main] o.s.jdbc.core.StatementCreatorUtils      : Setting SQL statement parameter value: column index 10, parameter value [100], value class [java.lang.Integer], SQL type unknown
2026-03-30T19:13:22.853+08:00 TRACE 12980 --- [water-server] [           main] o.s.jdbc.core.StatementCreatorUtils      : Setting SQL statement parameter value: column index 11, parameter value [1], value class [java.lang.Integer], SQL type unknown
2026-03-30T19:13:22.857+08:00 DEBUG 12980 --- [water-server] [           main] o.s.jdbc.core.JdbcTemplate               : Executing SQL query [SELECT id, account_code, account_type
FROM asset_account
WHERE category_group IS NULL OR TRIM(category_group) = ''
]
2026-03-30T19:13:22.858+08:00 DEBUG 12980 --- [water-server] [           main] o.s.jdbc.core.JdbcTemplate               : Executing SQL statement [CREATE INDEX IF NOT EXISTS idx_asset_account_group ON asset_account (category_group)]
2026-03-30T19:13:22.862+08:00 DEBUG 12980 --- [water-server] [           main] o.s.jdbc.core.JdbcTemplate               : Executing SQL statement [CREATE INDEX IF NOT EXISTS idx_asset_account_parent ON asset_account (parent_account_id)]
2026-03-30T19:13:22.864+08:00 DEBUG 12980 --- [water-server] [           main] o.s.jdbc.core.JdbcTemplate               : Executing SQL query [SELECT COUNT(1) FROM asset_account WHERE account_code = 'BANK_CARDS']
2026-03-30T19:13:22.868+08:00 DEBUG 12980 --- [water-server] [           main] o.s.jdbc.core.JdbcTemplate               : Executing prepared SQL update
2026-03-30T19:13:22.869+08:00 DEBUG 12980 --- [water-server] [           main] o.s.jdbc.core.JdbcTemplate               : Executing prepared SQL statement [INSERT INTO asset_account (
    account_code,
    account_name,
    category_group,
    account_type,
    parent_account_id,
    is_summary,
    balance_direction,
    currency_code,
    institution_name,
    owner_name,
    remark,
    sort_order,
    enabled,
    updated_at
) VALUES (?, ?, ?, ?, ?, ?, ?, ?, ?, ?, ?, ?, ?, CURRENT_TIMESTAMP)
]
2026-03-30T19:13:22.869+08:00 TRACE 12980 --- [water-server] [           main] o.s.jdbc.core.StatementCreatorUtils      : Setting SQL statement parameter value: column index 1, parameter value [BANK_CARDS], value class [java.lang.String], SQL type unknown
2026-03-30T19:13:22.869+08:00 TRACE 12980 --- [water-server] [           main] o.s.jdbc.core.StatementCreatorUtils      : Setting SQL statement parameter value: column index 2, parameter value [Bank Cards], value class [java.lang.String], SQL type unknown
2026-03-30T19:13:22.869+08:00 TRACE 12980 --- [water-server] [           main] o.s.jdbc.core.StatementCreatorUtils      : Setting SQL statement parameter value: column index 3, parameter value [CASH], value class [java.lang.String], SQL type unknown
2026-03-30T19:13:22.869+08:00 TRACE 12980 --- [water-server] [           main] o.s.jdbc.core.StatementCreatorUtils      : Setting SQL statement parameter value: column index 4, parameter value [BANK_CARD_GROUP], value class [java.lang.String], SQL type unknown
2026-03-30T19:13:22.869+08:00 TRACE 12980 --- [water-server] [           main] o.s.jdbc.core.StatementCreatorUtils      : Setting SQL statement parameter value: column index 5, parameter value [null], value class [null], SQL type unknown
2026-03-30T19:13:22.869+08:00 TRACE 12980 --- [water-server] [           main] o.s.jdbc.core.StatementCreatorUtils      : Setting SQL statement parameter value: column index 6, parameter value [1], value class [java.lang.Integer], SQL type unknown
2026-03-30T19:13:22.869+08:00 TRACE 12980 --- [water-server] [           main] o.s.jdbc.core.StatementCreatorUtils      : Setting SQL statement parameter value: column index 7, parameter value [ASSET], value class [java.lang.String], SQL type unknown
2026-03-30T19:13:22.869+08:00 TRACE 12980 --- [water-server] [           main] o.s.jdbc.core.StatementCreatorUtils      : Setting SQL statement parameter value: column index 8, parameter value [CNY], value class [java.lang.String], SQL type unknown
2026-03-30T19:13:22.869+08:00 TRACE 12980 --- [water-server] [           main] o.s.jdbc.core.StatementCreatorUtils      : Setting SQL statement parameter value: column index 9, parameter value [Bank Card Summary], value class [java.lang.String], SQL type unknown
2026-03-30T19:13:22.869+08:00 TRACE 12980 --- [water-server] [           main] o.s.jdbc.core.StatementCreatorUtils      : Setting SQL statement parameter value: column index 10, parameter value [null], value class [null], SQL type unknown
2026-03-30T19:13:22.869+08:00 TRACE 12980 --- [water-server] [           main] o.s.jdbc.core.StatementCreatorUtils      : Setting SQL statement parameter value: column index 11, parameter value [Auto-summed bank card parent account], value class [java.lang.String], SQL type unknown
2026-03-30T19:13:22.870+08:00 TRACE 12980 --- [water-server] [           main] o.s.jdbc.core.StatementCreatorUtils      : Setting SQL statement parameter value: column index 12, parameter value [25], value class [java.lang.Integer], SQL type unknown
2026-03-30T19:13:22.870+08:00 TRACE 12980 --- [water-server] [           main] o.s.jdbc.core.StatementCreatorUtils      : Setting SQL statement parameter value: column index 13, parameter value [1], value class [java.lang.Integer], SQL type unknown
2026-03-30T19:13:22.874+08:00 DEBUG 12980 --- [water-server] [           main] o.s.jdbc.core.JdbcTemplate               : Executing SQL query [SELECT id FROM asset_account WHERE account_code = 'BANK_CARDS']
2026-03-30T19:13:22.876+08:00 DEBUG 12980 --- [water-server] [           main] o.s.jdbc.core.JdbcTemplate               : Executing prepared SQL update
2026-03-30T19:13:22.876+08:00 DEBUG 12980 --- [water-server] [           main] o.s.jdbc.core.JdbcTemplate               : Executing prepared SQL statement [UPDATE asset_account
SET parent_account_id = ?,
    updated_at = CURRENT_TIMESTAMP
WHERE account_code = 'DEFAULT_BANK_CARD'
  AND (parent_account_id IS NULL OR parent_account_id = 0)
]
2026-03-30T19:13:22.876+08:00 TRACE 12980 --- [water-server] [           main] o.s.jdbc.core.StatementCreatorUtils      : Setting SQL statement parameter value: column index 1, parameter value [11], value class [java.lang.Long], SQL type unknown
2026-03-30T19:13:23.447+08:00 DEBUG 12980 --- [water-server] [           main] o.s.jdbc.core.JdbcTemplate               : Executing SQL update and returning generated keys
2026-03-30T19:13:23.447+08:00 DEBUG 12980 --- [water-server] [           main] o.s.jdbc.core.JdbcTemplate               : Executing prepared SQL statement
2026-03-30T19:13:23.454+08:00 DEBUG 12980 --- [water-server] [           main] o.s.jdbc.core.JdbcTemplate               : Executing SQL query [SELECT id
FROM asset_snapshot
ORDER BY snapshot_date DESC, id DESC
LIMIT 1
]
2026-03-30T19:13:23.454+08:00 DEBUG 12980 --- [water-server] [           main] o.s.jdbc.core.JdbcTemplate               : Executing prepared SQL query
2026-03-30T19:13:23.454+08:00 DEBUG 12980 --- [water-server] [           main] o.s.jdbc.core.JdbcTemplate               : Executing prepared SQL statement [SELECT id,
       account_code,
       account_name,
       category_group,
       account_type,
       parent_account_id,
       is_summary,
       balance_direction,
       currency_code,
       institution_name,
       owner_name,
       remark,
       sort_order,
       enabled
FROM asset_account
WHERE id = ?
]
2026-03-30T19:13:23.454+08:00 TRACE 12980 --- [water-server] [           main] o.s.jdbc.core.StatementCreatorUtils      : Setting SQL statement parameter value: column index 1, parameter value [12], value class [java.lang.Long], SQL type unknown
2026-03-30T19:13:23.462+08:00 DEBUG 12980 --- [water-server] [           main] o.s.jdbc.core.JdbcTemplate               : Executing prepared SQL query
2026-03-30T19:13:23.462+08:00 DEBUG 12980 --- [water-server] [           main] o.s.jdbc.core.JdbcTemplate               : Executing prepared SQL statement [SELECT 1 FROM asset_account WHERE id = ?]
2026-03-30T19:13:23.462+08:00 TRACE 12980 --- [water-server] [           main] o.s.jdbc.core.StatementCreatorUtils      : Setting SQL statement parameter value: column index 1, parameter value [12], value class [java.lang.Long], SQL type unknown
2026-03-30T19:13:23.463+08:00 DEBUG 12980 --- [water-server] [           main] o.s.jdbc.core.JdbcTemplate               : Executing prepared SQL update
2026-03-30T19:13:23.463+08:00 DEBUG 12980 --- [water-server] [           main] o.s.jdbc.core.JdbcTemplate               : Executing prepared SQL statement [UPDATE asset_account SET account_code = ?, account_name = ?, category_group = ?, account_type = ?, parent_account_id = ?, is_summary = ?, balance_direction = ?, currency_code = ?, institution_name = ?, owner_name = ?, remark = ?, sort_order = ?, enabled = ?, updated_at = CURRENT_TIMESTAMP WHERE id = ?]
2026-03-30T19:13:23.464+08:00 DEBUG 12980 --- [water-server] [           main] o.s.jdbc.core.JdbcTemplate               : Executing SQL query [SELECT id
FROM asset_snapshot
ORDER BY snapshot_date DESC, id DESC
LIMIT 1
]
2026-03-30T19:13:23.464+08:00 DEBUG 12980 --- [water-server] [           main] o.s.jdbc.core.JdbcTemplate               : Executing prepared SQL query
2026-03-30T19:13:23.464+08:00 DEBUG 12980 --- [water-server] [           main] o.s.jdbc.core.JdbcTemplate               : Executing prepared SQL statement [SELECT id,
       account_code,
       account_name,
       category_group,
       account_type,
       parent_account_id,
       is_summary,
       balance_direction,
       currency_code,
       institution_name,
       owner_name,
       remark,
       sort_order,
       enabled
FROM asset_account
WHERE id = ?
]
2026-03-30T19:13:23.464+08:00 TRACE 12980 --- [water-server] [           main] o.s.jdbc.core.StatementCreatorUtils      : Setting SQL statement parameter value: column index 1, parameter value [12], value class [java.lang.Long], SQL type unknown
2026-03-30T19:13:23.466+08:00 DEBUG 12980 --- [water-server] [           main] o.s.jdbc.core.JdbcTemplate               : Executing prepared SQL query
2026-03-30T19:13:23.466+08:00 DEBUG 12980 --- [water-server] [           main] o.s.jdbc.core.JdbcTemplate               : Executing prepared SQL statement [SELECT 1 FROM asset_account WHERE id = ?]
2026-03-30T19:13:23.467+08:00 TRACE 12980 --- [water-server] [           main] o.s.jdbc.core.StatementCreatorUtils      : Setting SQL statement parameter value: column index 1, parameter value [12], value class [java.lang.Long], SQL type unknown
2026-03-30T19:13:23.467+08:00 DEBUG 12980 --- [water-server] [           main] o.s.jdbc.core.JdbcTemplate               : Executing prepared SQL query
2026-03-30T19:13:23.467+08:00 DEBUG 12980 --- [water-server] [           main] o.s.jdbc.core.JdbcTemplate               : Executing prepared SQL statement [SELECT 1 FROM asset_snapshot_detail WHERE account_id = ? LIMIT 1]
2026-03-30T19:13:23.467+08:00 TRACE 12980 --- [water-server] [           main] o.s.jdbc.core.StatementCreatorUtils      : Setting SQL statement parameter value: column index 1, parameter value [12], value class [java.lang.Long], SQL type unknown
2026-03-30T19:13:23.467+08:00 DEBUG 12980 --- [water-server] [           main] o.s.jdbc.core.JdbcTemplate               : Executing prepared SQL update
2026-03-30T19:13:23.467+08:00 DEBUG 12980 --- [water-server] [           main] o.s.jdbc.core.JdbcTemplate               : Executing prepared SQL statement [DELETE FROM asset_account WHERE id = ?]
2026-03-30T19:13:23.467+08:00 TRACE 12980 --- [water-server] [           main] o.s.jdbc.core.StatementCreatorUtils      : Setting SQL statement parameter value: column index 1, parameter value [12], value class [java.lang.Long], SQL type unknown
2026-03-30T19:13:23.470+08:00 DEBUG 12980 --- [water-server] [           main] o.s.jdbc.core.JdbcTemplate               : Executing SQL query [SELECT id
FROM asset_snapshot
ORDER BY snapshot_date DESC, id DESC
LIMIT 1
]
2026-03-30T19:13:23.470+08:00 DEBUG 12980 --- [water-server] [           main] o.s.jdbc.core.JdbcTemplate               : Executing prepared SQL query
2026-03-30T19:13:23.471+08:00 DEBUG 12980 --- [water-server] [           main] o.s.jdbc.core.JdbcTemplate               : Executing prepared SQL statement [SELECT id,
       account_code,
       account_name,
       category_group,
       account_type,
       parent_account_id,
       is_summary,
       balance_direction,
       currency_code,
       institution_name,
       owner_name,
       remark,
       sort_order,
       enabled
FROM asset_account
WHERE id = ?
]
2026-03-30T19:13:23.471+08:00 TRACE 12980 --- [water-server] [           main] o.s.jdbc.core.StatementCreatorUtils      : Setting SQL statement parameter value: column index 1, parameter value [12], value class [java.lang.Long], SQL type unknown
]]></system-out>
  </testcase>
</testsuite>