<?xml version="1.0" encoding="UTF-8"?>
<testsuite xmlns:xsi="http://www.w3.org/2001/XMLSchema-instance" xsi:noNamespaceSchemaLocation="https://maven.apache.org/surefire/maven-surefire-plugin/xsd/surefire-test-report.xsd" version="3.0.2" name="com.water.server.snapshot.AssetAccountCommandServiceTests" time="3.741" tests="1" errors="0" skipped="0" failures="0">
  <properties>
[...]
</properties>
  <testcase name="createsUpdatesAndDeletesUnusedAccount" classname="com.water.server.snapshot.AssetAccountCommandServiceTests" time="0.828">
    <system-out><![CDATA[17:54:39.533 [main] INFO org.springframework.test.context.support.AnnotationConfigContextLoaderUtils -- Could not detect default configuration classes for test class [com.water.server.snapshot.AssetAccountCommandServiceTests]: AssetAccountCommandServiceTests does not declare any static, non-private, non-final, nested classes annotated with @Configuration.
17:54:39.641 [main] INFO org.springframework.boot.test.context.SpringBootTestContextBootstrapper -- Found @SpringBootConfiguration com.water.server.WaterServerApplication for test class com.water.server.snapshot.AssetAccountCommandServiceTests

  .   ____          _            __ _ _
 /\\ / ___'_ __ _ _(_)_ __  __ _ \ \ \ \
( ( )\___ | '_ | '_| | '_ \/ _` | \ \ \ \
 \\/  ___)| |_)| | | | | || (_| |  ) ) ) )
  '  |____| .__|_| |_|_| |_\__, | / / / /
 =========|_|==============|___/=/_/_/_/

 :: Spring Boot ::                (v3.4.3)

2026-03-28T17:54:40.111+08:00  INFO 29512 --- [water-server] [           main] c.w.s.s.AssetAccountCommandServiceTests  : Starting AssetAccountCommandServiceTests using Java 17.0.12 with PID 29512 (started by wangx in C:\Users\wangx\Desktop\peisonal\water\water-server)
2026-03-28T17:54:40.112+08:00  INFO 29512 --- [water-server] [           main] c.w.s.s.AssetAccountCommandServiceTests  : No active profile set, falling back to 1 default profile: "default"
2026-03-28T17:54:40.899+08:00  INFO 29512 --- [water-server] [           main] com.zaxxer.hikari.HikariDataSource       : HikariPool-1 - Starting...
2026-03-28T17:54:41.095+08:00  INFO 29512 --- [water-server] [           main] com.zaxxer.hikari.pool.HikariPool        : HikariPool-1 - Added connection org.sqlite.jdbc4.JDBC4Connection@3a3ed300
2026-03-28T17:54:41.096+08:00  INFO 29512 --- [water-server] [           main] com.zaxxer.hikari.HikariDataSource       : HikariPool-1 - Start completed.
2026-03-28T17:54:42.087+08:00  INFO 29512 --- [water-server] [           main] c.w.s.s.AssetAccountCommandServiceTests  : Started AssetAccountCommandServiceTests in 2.212 seconds (process running for 3.087)
2026-03-28T17:54:42.105+08:00 DEBUG 29512 --- [water-server] [           main] o.s.jdbc.core.JdbcTemplate               : Executing SQL query [PRAGMA table_info(asset_account)]
2026-03-28T17:54:42.117+08:00 DEBUG 29512 --- [water-server] [           main] o.s.jdbc.core.JdbcTemplate               : Executing SQL query [PRAGMA table_info(asset_account)]
2026-03-28T17:54:42.117+08:00 DEBUG 29512 --- [water-server] [           main] o.s.jdbc.core.JdbcTemplate               : Executing SQL query [PRAGMA table_info(asset_account)]
2026-03-28T17:54:42.122+08:00 DEBUG 29512 --- [water-server] [           main] o.s.jdbc.core.JdbcTemplate               : Executing prepared SQL update
2026-03-28T17:54:42.122+08:00 DEBUG 29512 --- [water-server] [           main] o.s.jdbc.core.JdbcTemplate               : Executing prepared SQL statement [INSERT OR IGNORE INTO asset_account (
    account_code,
    account_name,
    category_group,
    account_type,
    balance_direction,
    currency_code,
    institution_name,
    owner_name,
    remark,
    sort_order,
    enabled,
    updated_at
) VALUES (?, ?, ?, ?, ?, ?, ?, ?, ?, ?, ?, CURRENT_TIMESTAMP)
]
2026-03-28T17:54:42.146+08:00 TRACE 29512 --- [water-server] [           main] o.s.jdbc.core.StatementCreatorUtils      : Setting SQL statement parameter value: column index 1, parameter value [ALIPAY], value class [java.lang.String], SQL type unknown
2026-03-28T17:54:42.153+08:00 TRACE 29512 --- [water-server] [           main] o.s.jdbc.core.StatementCreatorUtils      : Setting SQL statement parameter value: column index 2, parameter value [支付宝], value class [java.lang.String], SQL type unknown
2026-03-28T17:54:42.153+08:00 TRACE 29512 --- [water-server] [           main] o.s.jdbc.core.StatementCreatorUtils      : Setting SQL statement parameter value: column index 3, parameter value [CASH], value class [java.lang.String], SQL type unknown
2026-03-28T17:54:42.153+08:00 TRACE 29512 --- [water-server] [           main] o.s.jdbc.core.StatementCreatorUtils      : Setting SQL statement parameter value: column index 4, parameter value [EWALLET], value class [java.lang.String], SQL type unknown
2026-03-28T17:54:42.153+08:00 TRACE 29512 --- [water-server] [           main] o.s.jdbc.core.StatementCreatorUtils      : Setting SQL statement parameter value: column index 5, parameter value [ASSET], value class [java.lang.String], SQL type unknown
2026-03-28T17:54:42.153+08:00 TRACE 29512 --- [water-server] [           main] o.s.jdbc.core.StatementCreatorUtils      : Setting SQL statement parameter value: column index 6, parameter value [CNY], value class [java.lang.String], SQL type unknown
2026-03-28T17:54:42.153+08:00 TRACE 29512 --- [water-server] [           main] o.s.jdbc.core.StatementCreatorUtils      : Setting SQL statement parameter value: column index 7, parameter value [支付宝], value class [java.lang.String], SQL type unknown
2026-03-28T17:54:42.153+08:00 TRACE 29512 --- [water-server] [           main] o.s.jdbc.core.StatementCreatorUtils      : Setting SQL statement parameter value: column index 8, parameter value [null], value class [null], SQL type unknown
2026-03-28T17:54:42.161+08:00 TRACE 29512 --- [water-server] [           main] o.s.jdbc.core.StatementCreatorUtils      : Setting SQL statement parameter value: column index 9, parameter value [日常支付账户], value class [java.lang.String], SQL type unknown
2026-03-28T17:54:42.161+08:00 TRACE 29512 --- [water-server] [           main] o.s.jdbc.core.StatementCreatorUtils      : Setting SQL statement parameter value: column index 10, parameter value [10], value class [java.lang.Integer], SQL type unknown
2026-03-28T17:54:42.161+08:00 TRACE 29512 --- [water-server] [           main] o.s.jdbc.core.StatementCreatorUtils      : Setting SQL statement parameter value: column index 11, parameter value [1], value class [java.lang.Integer], SQL type unknown
2026-03-28T17:54:42.178+08:00 DEBUG 29512 --- [water-server] [           main] o.s.jdbc.core.JdbcTemplate               : Executing prepared SQL update
2026-03-28T17:54:42.178+08:00 DEBUG 29512 --- [water-server] [           main] o.s.jdbc.core.JdbcTemplate               : Executing prepared SQL statement [INSERT OR IGNORE INTO asset_account (
    account_code,
    account_name,
    category_group,
    account_type,
    balance_direction,
    currency_code,
    institution_name,
    owner_name,
    remark,
    sort_order,
    enabled,
    updated_at
) VALUES (?, ?, ?, ?, ?, ?, ?, ?, ?, ?, ?, CURRENT_TIMESTAMP)
]
2026-03-28T17:54:42.178+08:00 TRACE 29512 --- [water-server] [           main] o.s.jdbc.core.StatementCreatorUtils      : Setting SQL statement parameter value: column index 1, parameter value [WECHAT], value class [java.lang.String], SQL type unknown
2026-03-28T17:54:42.178+08:00 TRACE 29512 --- [water-server] [           main] o.s.jdbc.core.StatementCreatorUtils      : Setting SQL statement parameter value: column index 2, parameter value [微信], value class [java.lang.String], SQL type unknown
2026-03-28T17:54:42.178+08:00 TRACE 29512 --- [water-server] [           main] o.s.jdbc.core.StatementCreatorUtils      : Setting SQL statement parameter value: column index 3, parameter value [CASH], value class [java.lang.String], SQL type unknown
2026-03-28T17:54:42.179+08:00 TRACE 29512 --- [water-server] [           main] o.s.jdbc.core.StatementCreatorUtils      : Setting SQL statement parameter value: column index 4, parameter value [EWALLET], value class [java.lang.String], SQL type unknown
2026-03-28T17:54:42.179+08:00 TRACE 29512 --- [water-server] [           main] o.s.jdbc.core.StatementCreatorUtils      : Setting SQL statement parameter value: column index 5, parameter value [ASSET], value class [java.lang.String], SQL type unknown
2026-03-28T17:54:42.179+08:00 TRACE 29512 --- [water-server] [           main] o.s.jdbc.core.StatementCreatorUtils      : Setting SQL statement parameter value: column index 6, parameter value [CNY], value class [java.lang.String], SQL type unknown
2026-03-28T17:54:42.179+08:00 TRACE 29512 --- [water-server] [           main] o.s.jdbc.core.StatementCreatorUtils      : Setting SQL statement parameter value: column index 7, parameter value [微信支付], value class [java.lang.String], SQL type unknown
2026-03-28T17:54:42.179+08:00 TRACE 29512 --- [water-server] [           main] o.s.jdbc.core.StatementCreatorUtils      : Setting SQL statement parameter value: column index 8, parameter value [null], value class [null], SQL type unknown
2026-03-28T17:54:42.179+08:00 TRACE 29512 --- [water-server] [           main] o.s.jdbc.core.StatementCreatorUtils      : Setting SQL statement parameter value: column index 9, parameter value [日常支付账户], value class [java.lang.String], SQL type unknown
2026-03-28T17:54:42.179+08:00 TRACE 29512 --- [water-server] [           main] o.s.jdbc.core.StatementCreatorUtils      : Setting SQL statement parameter value: column index 10, parameter value [20], value class [java.lang.Integer], SQL type unknown
2026-03-28T17:54:42.179+08:00 TRACE 29512 --- [water-server] [           main] o.s.jdbc.core.StatementCreatorUtils      : Setting SQL statement parameter value: column index 11, parameter value [1], value class [java.lang.Integer], SQL type unknown
2026-03-28T17:54:42.179+08:00 DEBUG 29512 --- [water-server] [           main] o.s.jdbc.core.JdbcTemplate               : Executing prepared SQL update
2026-03-28T17:54:42.179+08:00 DEBUG 29512 --- [water-server] [           main] o.s.jdbc.core.JdbcTemplate               : Executing prepared SQL statement [INSERT OR IGNORE INTO asset_account (
    account_code,
    account_name,
    category_group,
    account_type,
    balance_direction,
    currency_code,
    institution_name,
    owner_name,
    remark,
    sort_order,
    enabled,
    updated_at
) VALUES (?, ?, ?, ?, ?, ?, ?, ?, ?, ?, ?, CURRENT_TIMESTAMP)
]
2026-03-28T17:54:42.179+08:00 TRACE 29512 --- [water-server] [           main] o.s.jdbc.core.StatementCreatorUtils      : Setting SQL statement parameter value: column index 1, parameter value [DEFAULT_BANK_CARD], value class [java.lang.String], SQL type unknown
2026-03-28T17:54:42.179+08:00 TRACE 29512 --- [water-server] [           main] o.s.jdbc.core.StatementCreatorUtils      : Setting SQL statement parameter value: column index 2, parameter value [默认银行卡], value class [java.lang.String], SQL type unknown
2026-03-28T17:54:42.179+08:00 TRACE 29512 --- [water-server] [           main] o.s.jdbc.core.StatementCreatorUtils      : Setting SQL statement parameter value: column index 3, parameter value [CASH], value class [java.lang.String], SQL type unknown
2026-03-28T17:54:42.179+08:00 TRACE 29512 --- [water-server] [           main] o.s.jdbc.core.StatementCreatorUtils      : Setting SQL statement parameter value: column index 4, parameter value [BANK_CARD], value class [java.lang.String], SQL type unknown
2026-03-28T17:54:42.179+08:00 TRACE 29512 --- [water-server] [           main] o.s.jdbc.core.StatementCreatorUtils      : Setting SQL statement parameter value: column index 5, parameter value [ASSET], value class [java.lang.String], SQL type unknown
2026-03-28T17:54:42.179+08:00 TRACE 29512 --- [water-server] [           main] o.s.jdbc.core.StatementCreatorUtils      : Setting SQL statement parameter value: column index 6, parameter value [CNY], value class [java.lang.String], SQL type unknown
2026-03-28T17:54:42.179+08:00 TRACE 29512 --- [water-server] [           main] o.s.jdbc.core.StatementCreatorUtils      : Setting SQL statement parameter value: column index 7, parameter value [默认银行卡], value class [java.lang.String], SQL type unknown
2026-03-28T17:54:42.179+08:00 TRACE 29512 --- [water-server] [           main] o.s.jdbc.core.StatementCreatorUtils      : Setting SQL statement parameter value: column index 8, parameter value [null], value class [null], SQL type unknown
2026-03-28T17:54:42.179+08:00 TRACE 29512 --- [water-server] [           main] o.s.jdbc.core.StatementCreatorUtils      : Setting SQL statement parameter value: column index 9, parameter value [主要银行卡账户], value class [java.lang.String], SQL type unknown
2026-03-28T17:54:42.179+08:00 TRACE 29512 --- [water-server] [           main] o.s.jdbc.core.StatementCreatorUtils      : Setting SQL statement parameter value: column index 10, parameter value [30], value class [java.lang.Integer], SQL type unknown
2026-03-28T17:54:42.179+08:00 TRACE 29512 --- [water-server] [           main] o.s.jdbc.core.StatementCreatorUtils      : Setting SQL statement parameter value: column index 11, parameter value [1], value class [java.lang.Integer], SQL type unknown
2026-03-28T17:54:42.193+08:00 DEBUG 29512 --- [water-server] [           main] o.s.jdbc.core.JdbcTemplate               : Executing prepared SQL update
2026-03-28T17:54:42.193+08:00 DEBUG 29512 --- [water-server] [           main] o.s.jdbc.core.JdbcTemplate               : Executing prepared SQL statement [INSERT OR IGNORE INTO asset_account (
    account_code,
    account_name,
    category_group,
    account_type,
    balance_direction,
    currency_code,
    institution_name,
    owner_name,
    remark,
    sort_order,
    enabled,
    updated_at
) VALUES (?, ?, ?, ?, ?, ?, ?, ?, ?, ?, ?, CURRENT_TIMESTAMP)
]
2026-03-28T17:54:42.193+08:00 TRACE 29512 --- [water-server] [           main] o.s.jdbc.core.StatementCreatorUtils      : Setting SQL statement parameter value: column index 1, parameter value [FUND_ACCOUNT], value class [java.lang.String], SQL type unknown
2026-03-28T17:54:42.193+08:00 TRACE 29512 --- [water-server] [           main] o.s.jdbc.core.StatementCreatorUtils      : Setting SQL statement parameter value: column index 2, parameter value [基金账户], value class [java.lang.String], SQL type unknown
2026-03-28T17:54:42.195+08:00 TRACE 29512 --- [water-server] [           main] o.s.jdbc.core.StatementCreatorUtils      : Setting SQL statement parameter value: column index 3, parameter value [INVESTMENT], value class [java.lang.String], SQL type unknown
2026-03-28T17:54:42.195+08:00 TRACE 29512 --- [water-server] [           main] o.s.jdbc.core.StatementCreatorUtils      : Setting SQL statement parameter value: column index 4, parameter value [INVESTMENT], value class [java.lang.String], SQL type unknown
2026-03-28T17:54:42.195+08:00 TRACE 29512 --- [water-server] [           main] o.s.jdbc.core.StatementCreatorUtils      : Setting SQL statement parameter value: column index 5, parameter value [ASSET], value class [java.lang.String], SQL type unknown
2026-03-28T17:54:42.195+08:00 TRACE 29512 --- [water-server] [           main] o.s.jdbc.core.StatementCreatorUtils      : Setting SQL statement parameter value: column index 6, parameter value [CNY], value class [java.lang.String], SQL type unknown
2026-03-28T17:54:42.195+08:00 TRACE 29512 --- [water-server] [           main] o.s.jdbc.core.StatementCreatorUtils      : Setting SQL statement parameter value: column index 7, parameter value [基金平台], value class [java.lang.String], SQL type unknown
2026-03-28T17:54:42.195+08:00 TRACE 29512 --- [water-server] [           main] o.s.jdbc.core.StatementCreatorUtils      : Setting SQL statement parameter value: column index 8, parameter value [null], value class [null], SQL type unknown
2026-03-28T17:54:42.195+08:00 TRACE 29512 --- [water-server] [           main] o.s.jdbc.core.StatementCreatorUtils      : Setting SQL statement parameter value: column index 9, parameter value [基金持仓账户], value class [java.lang.String], SQL type unknown
2026-03-28T17:54:42.195+08:00 TRACE 29512 --- [water-server] [           main] o.s.jdbc.core.StatementCreatorUtils      : Setting SQL statement parameter value: column index 10, parameter value [40], value class [java.lang.Integer], SQL type unknown
2026-03-28T17:54:42.195+08:00 TRACE 29512 --- [water-server] [           main] o.s.jdbc.core.StatementCreatorUtils      : Setting SQL statement parameter value: column index 11, parameter value [1], value class [java.lang.Integer], SQL type unknown
2026-03-28T17:54:42.198+08:00 DEBUG 29512 --- [water-server] [           main] o.s.jdbc.core.JdbcTemplate               : Executing prepared SQL update
2026-03-28T17:54:42.198+08:00 DEBUG 29512 --- [water-server] [           main] o.s.jdbc.core.JdbcTemplate               : Executing prepared SQL statement [INSERT OR IGNORE INTO asset_account (
    account_code,
    account_name,
    category_group,
    account_type,
    balance_direction,
    currency_code,
    institution_name,
    owner_name,
    remark,
    sort_order,
    enabled,
    updated_at
) VALUES (?, ?, ?, ?, ?, ?, ?, ?, ?, ?, ?, CURRENT_TIMESTAMP)
]
2026-03-28T17:54:42.198+08:00 TRACE 29512 --- [water-server] [           main] o.s.jdbc.core.StatementCreatorUtils      : Setting SQL statement parameter value: column index 1, parameter value [A_SHARE_ACCOUNT], value class [java.lang.String], SQL type unknown
2026-03-28T17:54:42.198+08:00 TRACE 29512 --- [water-server] [           main] o.s.jdbc.core.StatementCreatorUtils      : Setting SQL statement parameter value: column index 2, parameter value [A股账户], value class [java.lang.String], SQL type unknown
2026-03-28T17:54:42.198+08:00 TRACE 29512 --- [water-server] [           main] o.s.jdbc.core.StatementCreatorUtils      : Setting SQL statement parameter value: column index 3, parameter value [INVESTMENT], value class [java.lang.String], SQL type unknown
2026-03-28T17:54:42.198+08:00 TRACE 29512 --- [water-server] [           main] o.s.jdbc.core.StatementCreatorUtils      : Setting SQL statement parameter value: column index 4, parameter value [INVESTMENT], value class [java.lang.String], SQL type unknown
2026-03-28T17:54:42.198+08:00 TRACE 29512 --- [water-server] [           main] o.s.jdbc.core.StatementCreatorUtils      : Setting SQL statement parameter value: column index 5, parameter value [ASSET], value class [java.lang.String], SQL type unknown
2026-03-28T17:54:42.198+08:00 TRACE 29512 --- [water-server] [           main] o.s.jdbc.core.StatementCreatorUtils      : Setting SQL statement parameter value: column index 6, parameter value [CNY], value class [java.lang.String], SQL type unknown
2026-03-28T17:54:42.198+08:00 TRACE 29512 --- [water-server] [           main] o.s.jdbc.core.StatementCreatorUtils      : Setting SQL statement parameter value: column index 7, parameter value [A股券商], value class [java.lang.String], SQL type unknown
2026-03-28T17:54:42.198+08:00 TRACE 29512 --- [water-server] [           main] o.s.jdbc.core.StatementCreatorUtils      : Setting SQL statement parameter value: column index 8, parameter value [null], value class [null], SQL type unknown
2026-03-28T17:54:42.198+08:00 TRACE 29512 --- [water-server] [           main] o.s.jdbc.core.StatementCreatorUtils      : Setting SQL statement parameter value: column index 9, parameter value [A股投资账户], value class [java.lang.String], SQL type unknown
2026-03-28T17:54:42.198+08:00 TRACE 29512 --- [water-server] [           main] o.s.jdbc.core.StatementCreatorUtils      : Setting SQL statement parameter value: column index 10, parameter value [50], value class [java.lang.Integer], SQL type unknown
2026-03-28T17:54:42.198+08:00 TRACE 29512 --- [water-server] [           main] o.s.jdbc.core.StatementCreatorUtils      : Setting SQL statement parameter value: column index 11, parameter value [1], value class [java.lang.Integer], SQL type unknown
2026-03-28T17:54:42.208+08:00 DEBUG 29512 --- [water-server] [           main] o.s.jdbc.core.JdbcTemplate               : Executing prepared SQL update
2026-03-28T17:54:42.208+08:00 DEBUG 29512 --- [water-server] [           main] o.s.jdbc.core.JdbcTemplate               : Executing prepared SQL statement [INSERT OR IGNORE INTO asset_account (
    account_code,
    account_name,
    category_group,
    account_type,
    balance_direction,
    currency_code,
    institution_name,
    owner_name,
    remark,
    sort_order,
    enabled,
    updated_at
) VALUES (?, ?, ?, ?, ?, ?, ?, ?, ?, ?, ?, CURRENT_TIMESTAMP)
]
2026-03-28T17:54:42.208+08:00 TRACE 29512 --- [water-server] [           main] o.s.jdbc.core.StatementCreatorUtils      : Setting SQL statement parameter value: column index 1, parameter value [US_STOCK_ACCOUNT], value class [java.lang.String], SQL type unknown
2026-03-28T17:54:42.208+08:00 TRACE 29512 --- [water-server] [           main] o.s.jdbc.core.StatementCreatorUtils      : Setting SQL statement parameter value: column index 2, parameter value [美股账户], value class [java.lang.String], SQL type unknown
2026-03-28T17:54:42.208+08:00 TRACE 29512 --- [water-server] [           main] o.s.jdbc.core.StatementCreatorUtils      : Setting SQL statement parameter value: column index 3, parameter value [INVESTMENT], value class [java.lang.String], SQL type unknown
2026-03-28T17:54:42.208+08:00 TRACE 29512 --- [water-server] [           main] o.s.jdbc.core.StatementCreatorUtils      : Setting SQL statement parameter value: column index 4, parameter value [INVESTMENT], value class [java.lang.String], SQL type unknown
2026-03-28T17:54:42.208+08:00 TRACE 29512 --- [water-server] [           main] o.s.jdbc.core.StatementCreatorUtils      : Setting SQL statement parameter value: column index 5, parameter value [ASSET], value class [java.lang.String], SQL type unknown
2026-03-28T17:54:42.208+08:00 TRACE 29512 --- [water-server] [           main] o.s.jdbc.core.StatementCreatorUtils      : Setting SQL statement parameter value: column index 6, parameter value [USD], value class [java.lang.String], SQL type unknown
2026-03-28T17:54:42.208+08:00 TRACE 29512 --- [water-server] [           main] o.s.jdbc.core.StatementCreatorUtils      : Setting SQL statement parameter value: column index 7, parameter value [美股券商], value class [java.lang.String], SQL type unknown
2026-03-28T17:54:42.208+08:00 TRACE 29512 --- [water-server] [           main] o.s.jdbc.core.StatementCreatorUtils      : Setting SQL statement parameter value: column index 8, parameter value [null], value class [null], SQL type unknown
2026-03-28T17:54:42.208+08:00 TRACE 29512 --- [water-server] [           main] o.s.jdbc.core.StatementCreatorUtils      : Setting SQL statement parameter value: column index 9, parameter value [美股投资账户], value class [java.lang.String], SQL type unknown
2026-03-28T17:54:42.208+08:00 TRACE 29512 --- [water-server] [           main] o.s.jdbc.core.StatementCreatorUtils      : Setting SQL statement parameter value: column index 10, parameter value [60], value class [java.lang.Integer], SQL type unknown
2026-03-28T17:54:42.208+08:00 TRACE 29512 --- [water-server] [           main] o.s.jdbc.core.StatementCreatorUtils      : Setting SQL statement parameter value: column index 11, parameter value [1], value class [java.lang.Integer], SQL type unknown
2026-03-28T17:54:42.208+08:00 DEBUG 29512 --- [water-server] [           main] o.s.jdbc.core.JdbcTemplate               : Executing prepared SQL update
2026-03-28T17:54:42.208+08:00 DEBUG 29512 --- [water-server] [           main] o.s.jdbc.core.JdbcTemplate               : Executing prepared SQL statement [INSERT OR IGNORE INTO asset_account (
    account_code,
    account_name,
    category_group,
    account_type,
    balance_direction,
    currency_code,
    institution_name,
    owner_name,
    remark,
    sort_order,
    enabled,
    updated_at
) VALUES (?, ?, ?, ?, ?, ?, ?, ?, ?, ?, ?, CURRENT_TIMESTAMP)
]
2026-03-28T17:54:42.208+08:00 TRACE 29512 --- [water-server] [           main] o.s.jdbc.core.StatementCreatorUtils      : Setting SQL statement parameter value: column index 1, parameter value [CREDIT_CARD_DUE], value class [java.lang.String], SQL type unknown
2026-03-28T17:54:42.208+08:00 TRACE 29512 --- [water-server] [           main] o.s.jdbc.core.StatementCreatorUtils      : Setting SQL statement parameter value: column index 2, parameter value [待还信用卡], value class [java.lang.String], SQL type unknown
2026-03-28T17:54:42.208+08:00 TRACE 29512 --- [water-server] [           main] o.s.jdbc.core.StatementCreatorUtils      : Setting SQL statement parameter value: column index 3, parameter value [LIABILITY], value class [java.lang.String], SQL type unknown
2026-03-28T17:54:42.208+08:00 TRACE 29512 --- [water-server] [           main] o.s.jdbc.core.StatementCreatorUtils      : Setting SQL statement parameter value: column index 4, parameter value [CREDIT_CARD], value class [java.lang.String], SQL type unknown
2026-03-28T17:54:42.208+08:00 TRACE 29512 --- [water-server] [           main] o.s.jdbc.core.StatementCreatorUtils      : Setting SQL statement parameter value: column index 5, parameter value [DEBT], value class [java.lang.String], SQL type unknown
2026-03-28T17:54:42.208+08:00 TRACE 29512 --- [water-server] [           main] o.s.jdbc.core.StatementCreatorUtils      : Setting SQL statement parameter value: column index 6, parameter value [CNY], value class [java.lang.String], SQL type unknown
2026-03-28T17:54:42.208+08:00 TRACE 29512 --- [water-server] [           main] o.s.jdbc.core.StatementCreatorUtils      : Setting SQL statement parameter value: column index 7, parameter value [信用卡账户], value class [java.lang.String], SQL type unknown
2026-03-28T17:54:42.208+08:00 TRACE 29512 --- [water-server] [           main] o.s.jdbc.core.StatementCreatorUtils      : Setting SQL statement parameter value: column index 8, parameter value [null], value class [null], SQL type unknown
2026-03-28T17:54:42.208+08:00 TRACE 29512 --- [water-server] [           main] o.s.jdbc.core.StatementCreatorUtils      : Setting SQL statement parameter value: column index 9, parameter value [待还信用卡余额], value class [java.lang.String], SQL type unknown
2026-03-28T17:54:42.208+08:00 TRACE 29512 --- [water-server] [           main] o.s.jdbc.core.StatementCreatorUtils      : Setting SQL statement parameter value: column index 10, parameter value [70], value class [java.lang.Integer], SQL type unknown
2026-03-28T17:54:42.208+08:00 TRACE 29512 --- [water-server] [           main] o.s.jdbc.core.StatementCreatorUtils      : Setting SQL statement parameter value: column index 11, parameter value [1], value class [java.lang.Integer], SQL type unknown
2026-03-28T17:54:42.223+08:00 DEBUG 29512 --- [water-server] [           main] o.s.jdbc.core.JdbcTemplate               : Executing prepared SQL update
2026-03-28T17:54:42.223+08:00 DEBUG 29512 --- [water-server] [           main] o.s.jdbc.core.JdbcTemplate               : Executing prepared SQL statement [INSERT OR IGNORE INTO asset_account (
    account_code,
    account_name,
    category_group,
    account_type,
    balance_direction,
    currency_code,
    institution_name,
    owner_name,
    remark,
    sort_order,
    enabled,
    updated_at
) VALUES (?, ?, ?, ?, ?, ?, ?, ?, ?, ?, ?, CURRENT_TIMESTAMP)
]
2026-03-28T17:54:42.223+08:00 TRACE 29512 --- [water-server] [           main] o.s.jdbc.core.StatementCreatorUtils      : Setting SQL statement parameter value: column index 1, parameter value [RECEIVABLES], value class [java.lang.String], SQL type unknown
2026-03-28T17:54:42.223+08:00 TRACE 29512 --- [water-server] [           main] o.s.jdbc.core.StatementCreatorUtils      : Setting SQL statement parameter value: column index 2, parameter value [未收款项], value class [java.lang.String], SQL type unknown
2026-03-28T17:54:42.223+08:00 TRACE 29512 --- [water-server] [           main] o.s.jdbc.core.StatementCreatorUtils      : Setting SQL statement parameter value: column index 3, parameter value [LIABILITY], value class [java.lang.String], SQL type unknown
2026-03-28T17:54:42.223+08:00 TRACE 29512 --- [water-server] [           main] o.s.jdbc.core.StatementCreatorUtils      : Setting SQL statement parameter value: column index 4, parameter value [RECEIVABLE], value class [java.lang.String], SQL type unknown
2026-03-28T17:54:42.223+08:00 TRACE 29512 --- [water-server] [           main] o.s.jdbc.core.StatementCreatorUtils      : Setting SQL statement parameter value: column index 5, parameter value [ASSET], value class [java.lang.String], SQL type unknown
2026-03-28T17:54:42.223+08:00 TRACE 29512 --- [water-server] [           main] o.s.jdbc.core.StatementCreatorUtils      : Setting SQL statement parameter value: column index 6, parameter value [CNY], value class [java.lang.String], SQL type unknown
2026-03-28T17:54:42.223+08:00 TRACE 29512 --- [water-server] [           main] o.s.jdbc.core.StatementCreatorUtils      : Setting SQL statement parameter value: column index 7, parameter value [个人往来], value class [java.lang.String], SQL type unknown
2026-03-28T17:54:42.223+08:00 TRACE 29512 --- [water-server] [           main] o.s.jdbc.core.StatementCreatorUtils      : Setting SQL statement parameter value: column index 8, parameter value [null], value class [null], SQL type unknown
2026-03-28T17:54:42.223+08:00 TRACE 29512 --- [water-server] [           main] o.s.jdbc.core.StatementCreatorUtils      : Setting SQL statement parameter value: column index 9, parameter value [外部应收款项], value class [java.lang.String], SQL type unknown
2026-03-28T17:54:42.223+08:00 TRACE 29512 --- [water-server] [           main] o.s.jdbc.core.StatementCreatorUtils      : Setting SQL statement parameter value: column index 10, parameter value [80], value class [java.lang.Integer], SQL type unknown
2026-03-28T17:54:42.223+08:00 TRACE 29512 --- [water-server] [           main] o.s.jdbc.core.StatementCreatorUtils      : Setting SQL statement parameter value: column index 11, parameter value [1], value class [java.lang.Integer], SQL type unknown
2026-03-28T17:54:42.223+08:00 DEBUG 29512 --- [water-server] [           main] o.s.jdbc.core.JdbcTemplate               : Executing prepared SQL update
2026-03-28T17:54:42.223+08:00 DEBUG 29512 --- [water-server] [           main] o.s.jdbc.core.JdbcTemplate               : Executing prepared SQL statement [INSERT OR IGNORE INTO asset_account (
    account_code,
    account_name,
    category_group,
    account_type,
    balance_direction,
    currency_code,
    institution_name,
    owner_name,
    remark,
    sort_order,
    enabled,
    updated_at
) VALUES (?, ?, ?, ?, ?, ?, ?, ?, ?, ?, ?, CURRENT_TIMESTAMP)
]
2026-03-28T17:54:42.223+08:00 TRACE 29512 --- [water-server] [           main] o.s.jdbc.core.StatementCreatorUtils      : Setting SQL statement parameter value: column index 1, parameter value [INVESTMENT_LOSS], value class [java.lang.String], SQL type unknown
2026-03-28T17:54:42.223+08:00 TRACE 29512 --- [water-server] [           main] o.s.jdbc.core.StatementCreatorUtils      : Setting SQL statement parameter value: column index 2, parameter value [投资总损失], value class [java.lang.String], SQL type unknown
2026-03-28T17:54:42.223+08:00 TRACE 29512 --- [water-server] [           main] o.s.jdbc.core.StatementCreatorUtils      : Setting SQL statement parameter value: column index 3, parameter value [INVESTMENT], value class [java.lang.String], SQL type unknown
2026-03-28T17:54:42.223+08:00 TRACE 29512 --- [water-server] [           main] o.s.jdbc.core.StatementCreatorUtils      : Setting SQL statement parameter value: column index 4, parameter value [LOSS], value class [java.lang.String], SQL type unknown
2026-03-28T17:54:42.223+08:00 TRACE 29512 --- [water-server] [           main] o.s.jdbc.core.StatementCreatorUtils      : Setting SQL statement parameter value: column index 5, parameter value [DEBT], value class [java.lang.String], SQL type unknown
2026-03-28T17:54:42.223+08:00 TRACE 29512 --- [water-server] [           main] o.s.jdbc.core.StatementCreatorUtils      : Setting SQL statement parameter value: column index 6, parameter value [CNY], value class [java.lang.String], SQL type unknown
2026-03-28T17:54:42.223+08:00 TRACE 29512 --- [water-server] [           main] o.s.jdbc.core.StatementCreatorUtils      : Setting SQL statement parameter value: column index 7, parameter value [投资汇总], value class [java.lang.String], SQL type unknown
2026-03-28T17:54:42.223+08:00 TRACE 29512 --- [water-server] [           main] o.s.jdbc.core.StatementCreatorUtils      : Setting SQL statement parameter value: column index 8, parameter value [null], value class [null], SQL type unknown
2026-03-28T17:54:42.223+08:00 TRACE 29512 --- [water-server] [           main] o.s.jdbc.core.StatementCreatorUtils      : Setting SQL statement parameter value: column index 9, parameter value [累计投资亏损记录账户], value class [java.lang.String], SQL type unknown
2026-03-28T17:54:42.223+08:00 TRACE 29512 --- [water-server] [           main] o.s.jdbc.core.StatementCreatorUtils      : Setting SQL statement parameter value: column index 10, parameter value [90], value class [java.lang.Integer], SQL type unknown
2026-03-28T17:54:42.223+08:00 TRACE 29512 --- [water-server] [           main] o.s.jdbc.core.StatementCreatorUtils      : Setting SQL statement parameter value: column index 11, parameter value [1], value class [java.lang.Integer], SQL type unknown
2026-03-28T17:54:42.240+08:00 DEBUG 29512 --- [water-server] [           main] o.s.jdbc.core.JdbcTemplate               : Executing prepared SQL update
2026-03-28T17:54:42.240+08:00 DEBUG 29512 --- [water-server] [           main] o.s.jdbc.core.JdbcTemplate               : Executing prepared SQL statement [INSERT OR IGNORE INTO asset_account (
    account_code,
    account_name,
    category_group,
    account_type,
    balance_direction,
    currency_code,
    institution_name,
    owner_name,
    remark,
    sort_order,
    enabled,
    updated_at
) VALUES (?, ?, ?, ?, ?, ?, ?, ?, ?, ?, ?, CURRENT_TIMESTAMP)
]
2026-03-28T17:54:42.241+08:00 TRACE 29512 --- [water-server] [           main] o.s.jdbc.core.StatementCreatorUtils      : Setting SQL statement parameter value: column index 1, parameter value [HOUSING_FUND], value class [java.lang.String], SQL type unknown
2026-03-28T17:54:42.241+08:00 TRACE 29512 --- [water-server] [           main] o.s.jdbc.core.StatementCreatorUtils      : Setting SQL statement parameter value: column index 2, parameter value [公积金账户], value class [java.lang.String], SQL type unknown
2026-03-28T17:54:42.241+08:00 TRACE 29512 --- [water-server] [           main] o.s.jdbc.core.StatementCreatorUtils      : Setting SQL statement parameter value: column index 3, parameter value [CASH], value class [java.lang.String], SQL type unknown
2026-03-28T17:54:42.241+08:00 TRACE 29512 --- [water-server] [           main] o.s.jdbc.core.StatementCreatorUtils      : Setting SQL statement parameter value: column index 4, parameter value [HOUSING_FUND], value class [java.lang.String], SQL type unknown
2026-03-28T17:54:42.241+08:00 TRACE 29512 --- [water-server] [           main] o.s.jdbc.core.StatementCreatorUtils      : Setting SQL statement parameter value: column index 5, parameter value [ASSET], value class [java.lang.String], SQL type unknown
2026-03-28T17:54:42.242+08:00 TRACE 29512 --- [water-server] [           main] o.s.jdbc.core.StatementCreatorUtils      : Setting SQL statement parameter value: column index 6, parameter value [CNY], value class [java.lang.String], SQL type unknown
2026-03-28T17:54:42.242+08:00 TRACE 29512 --- [water-server] [           main] o.s.jdbc.core.StatementCreatorUtils      : Setting SQL statement parameter value: column index 7, parameter value [公积金中心], value class [java.lang.String], SQL type unknown
2026-03-28T17:54:42.242+08:00 TRACE 29512 --- [water-server] [           main] o.s.jdbc.core.StatementCreatorUtils      : Setting SQL statement parameter value: column index 8, parameter value [null], value class [null], SQL type unknown
2026-03-28T17:54:42.242+08:00 TRACE 29512 --- [water-server] [           main] o.s.jdbc.core.StatementCreatorUtils      : Setting SQL statement parameter value: column index 9, parameter value [住房公积金账户], value class [java.lang.String], SQL type unknown
2026-03-28T17:54:42.242+08:00 TRACE 29512 --- [water-server] [           main] o.s.jdbc.core.StatementCreatorUtils      : Setting SQL statement parameter value: column index 10, parameter value [100], value class [java.lang.Integer], SQL type unknown
2026-03-28T17:54:42.242+08:00 TRACE 29512 --- [water-server] [           main] o.s.jdbc.core.StatementCreatorUtils      : Setting SQL statement parameter value: column index 11, parameter value [1], value class [java.lang.Integer], SQL type unknown
2026-03-28T17:54:42.249+08:00 DEBUG 29512 --- [water-server] [           main] o.s.jdbc.core.JdbcTemplate               : Executing SQL query [SELECT id, account_code, account_type
FROM asset_account
WHERE category_group IS NULL OR TRIM(category_group) = ''
]
2026-03-28T17:54:42.249+08:00 DEBUG 29512 --- [water-server] [           main] o.s.jdbc.core.JdbcTemplate               : Executing SQL statement [CREATE INDEX IF NOT EXISTS idx_asset_account_group ON asset_account (category_group)]
2026-03-28T17:54:42.256+08:00 DEBUG 29512 --- [water-server] [           main] o.s.jdbc.core.JdbcTemplate               : Executing SQL statement [CREATE INDEX IF NOT EXISTS idx_asset_account_parent ON asset_account (parent_account_id)]
2026-03-28T17:54:42.259+08:00 DEBUG 29512 --- [water-server] [           main] o.s.jdbc.core.JdbcTemplate               : Executing SQL query [SELECT COUNT(1) FROM asset_account WHERE account_code = 'BANK_CARDS']
2026-03-28T17:54:42.265+08:00 DEBUG 29512 --- [water-server] [           main] o.s.jdbc.core.JdbcTemplate               : Executing prepared SQL update
2026-03-28T17:54:42.265+08:00 DEBUG 29512 --- [water-server] [           main] o.s.jdbc.core.JdbcTemplate               : Executing prepared SQL statement [INSERT INTO asset_account (
    account_code,
    account_name,
    category_group,
    account_type,
    parent_account_id,
    is_summary,
    balance_direction,
    currency_code,
    institution_name,
    owner_name,
    remark,
    sort_order,
    enabled,
    updated_at
) VALUES (?, ?, ?, ?, ?, ?, ?, ?, ?, ?, ?, ?, ?, CURRENT_TIMESTAMP)
]
2026-03-28T17:54:42.265+08:00 TRACE 29512 --- [water-server] [           main] o.s.jdbc.core.StatementCreatorUtils      : Setting SQL statement parameter value: column index 1, parameter value [BANK_CARDS], value class [java.lang.String], SQL type unknown
2026-03-28T17:54:42.265+08:00 TRACE 29512 --- [water-server] [           main] o.s.jdbc.core.StatementCreatorUtils      : Setting SQL statement parameter value: column index 2, parameter value [银行卡], value class [java.lang.String], SQL type unknown
2026-03-28T17:54:42.265+08:00 TRACE 29512 --- [water-server] [           main] o.s.jdbc.core.StatementCreatorUtils      : Setting SQL statement parameter value: column index 3, parameter value [CASH], value class [java.lang.String], SQL type unknown
2026-03-28T17:54:42.265+08:00 TRACE 29512 --- [water-server] [           main] o.s.jdbc.core.StatementCreatorUtils      : Setting SQL statement parameter value: column index 4, parameter value [BANK_CARD_GROUP], value class [java.lang.String], SQL type unknown
2026-03-28T17:54:42.265+08:00 TRACE 29512 --- [water-server] [           main] o.s.jdbc.core.StatementCreatorUtils      : Setting SQL statement parameter value: column index 5, parameter value [null], value class [null], SQL type unknown
2026-03-28T17:54:42.265+08:00 TRACE 29512 --- [water-server] [           main] o.s.jdbc.core.StatementCreatorUtils      : Setting SQL statement parameter value: column index 6, parameter value [1], value class [java.lang.Integer], SQL type unknown
2026-03-28T17:54:42.265+08:00 TRACE 29512 --- [water-server] [           main] o.s.jdbc.core.StatementCreatorUtils      : Setting SQL statement parameter value: column index 7, parameter value [ASSET], value class [java.lang.String], SQL type unknown
2026-03-28T17:54:42.265+08:00 TRACE 29512 --- [water-server] [           main] o.s.jdbc.core.StatementCreatorUtils      : Setting SQL statement parameter value: column index 8, parameter value [CNY], value class [java.lang.String], SQL type unknown
2026-03-28T17:54:42.265+08:00 TRACE 29512 --- [water-server] [           main] o.s.jdbc.core.StatementCreatorUtils      : Setting SQL statement parameter value: column index 9, parameter value [银行卡汇总], value class [java.lang.String], SQL type unknown
2026-03-28T17:54:42.266+08:00 TRACE 29512 --- [water-server] [           main] o.s.jdbc.core.StatementCreatorUtils      : Setting SQL statement parameter value: column index 10, parameter value [null], value class [null], SQL type unknown
2026-03-28T17:54:42.266+08:00 TRACE 29512 --- [water-server] [           main] o.s.jdbc.core.StatementCreatorUtils      : Setting SQL statement parameter value: column index 11, parameter value [银行卡汇总账户], value class [java.lang.String], SQL type unknown
2026-03-28T17:54:42.266+08:00 TRACE 29512 --- [water-server] [           main] o.s.jdbc.core.StatementCreatorUtils      : Setting SQL statement parameter value: column index 12, parameter value [25], value class [java.lang.Integer], SQL type unknown
2026-03-28T17:54:42.266+08:00 TRACE 29512 --- [water-server] [           main] o.s.jdbc.core.StatementCreatorUtils      : Setting SQL statement parameter value: column index 13, parameter value [1], value class [java.lang.Integer], SQL type unknown
2026-03-28T17:54:42.274+08:00 DEBUG 29512 --- [water-server] [           main] o.s.jdbc.core.JdbcTemplate               : Executing SQL query [SELECT id FROM asset_account WHERE account_code = 'BANK_CARDS']
2026-03-28T17:54:42.276+08:00 DEBUG 29512 --- [water-server] [           main] o.s.jdbc.core.JdbcTemplate               : Executing prepared SQL update
2026-03-28T17:54:42.276+08:00 DEBUG 29512 --- [water-server] [           main] o.s.jdbc.core.JdbcTemplate               : Executing prepared SQL statement [UPDATE asset_account
SET parent_account_id = ?,
    updated_at = CURRENT_TIMESTAMP
WHERE account_code = 'DEFAULT_BANK_CARD'
  AND (parent_account_id IS NULL OR parent_account_id = 0)
]
2026-03-28T17:54:42.276+08:00 TRACE 29512 --- [water-server] [           main] o.s.jdbc.core.StatementCreatorUtils      : Setting SQL statement parameter value: column index 1, parameter value [11], value class [java.lang.Long], SQL type unknown
2026-03-28T17:54:43.095+08:00 DEBUG 29512 --- [water-server] [           main] o.s.jdbc.core.JdbcTemplate               : Executing SQL update and returning generated keys
2026-03-28T17:54:43.095+08:00 DEBUG 29512 --- [water-server] [           main] o.s.jdbc.core.JdbcTemplate               : Executing prepared SQL statement
2026-03-28T17:54:43.098+08:00 DEBUG 29512 --- [water-server] [           main] o.s.jdbc.core.JdbcTemplate               : Executing SQL query [SELECT id
FROM asset_snapshot
ORDER BY snapshot_date DESC, id DESC
LIMIT 1
]
2026-03-28T17:54:43.099+08:00 DEBUG 29512 --- [water-server] [           main] o.s.jdbc.core.JdbcTemplate               : Executing prepared SQL query
2026-03-28T17:54:43.099+08:00 DEBUG 29512 --- [water-server] [           main] o.s.jdbc.core.JdbcTemplate               : Executing prepared SQL statement [SELECT id,
       account_code,
       account_name,
       category_group,
       account_type,
       parent_account_id,
       is_summary,
       balance_direction,
       currency_code,
       institution_name,
       owner_name,
       remark,
       sort_order,
       enabled
FROM asset_account
WHERE id = ?
]
2026-03-28T17:54:43.100+08:00 TRACE 29512 --- [water-server] [           main] o.s.jdbc.core.StatementCreatorUtils      : Setting SQL statement parameter value: column index 1, parameter value [12], value class [java.lang.Long], SQL type unknown
2026-03-28T17:54:43.116+08:00 DEBUG 29512 --- [water-server] [           main] o.s.jdbc.core.JdbcTemplate               : Executing prepared SQL query
2026-03-28T17:54:43.117+08:00 DEBUG 29512 --- [water-server] [           main] o.s.jdbc.core.JdbcTemplate               : Executing prepared SQL statement [SELECT 1 FROM asset_account WHERE id = ?]
2026-03-28T17:54:43.117+08:00 TRACE 29512 --- [water-server] [           main] o.s.jdbc.core.StatementCreatorUtils      : Setting SQL statement parameter value: column index 1, parameter value [12], value class [java.lang.Long], SQL type unknown
2026-03-28T17:54:43.118+08:00 DEBUG 29512 --- [water-server] [           main] o.s.jdbc.core.JdbcTemplate               : Executing prepared SQL update
2026-03-28T17:54:43.119+08:00 DEBUG 29512 --- [water-server] [           main] o.s.jdbc.core.JdbcTemplate               : Executing prepared SQL statement [UPDATE asset_account
SET account_code = ?,
    account_name = ?,
    category_group = ?,
    account_type = ?,
    parent_account_id = ?,
    is_summary = ?,
    balance_direction = ?,
    currency_code = ?,
    institution_name = ?,
    owner_name = ?,
    remark = ?,
    sort_order = ?,
    enabled = ?,
    updated_at = CURRENT_TIMESTAMP
WHERE id = ?
]
2026-03-28T17:54:43.120+08:00 DEBUG 29512 --- [water-server] [           main] o.s.jdbc.core.JdbcTemplate               : Executing SQL query [SELECT id
FROM asset_snapshot
ORDER BY snapshot_date DESC, id DESC
LIMIT 1
]
2026-03-28T17:54:43.120+08:00 DEBUG 29512 --- [water-server] [           main] o.s.jdbc.core.JdbcTemplate               : Executing prepared SQL query
2026-03-28T17:54:43.120+08:00 DEBUG 29512 --- [water-server] [           main] o.s.jdbc.core.JdbcTemplate               : Executing prepared SQL statement [SELECT id,
       account_code,
       account_name,
       category_group,
       account_type,
       parent_account_id,
       is_summary,
       balance_direction,
       currency_code,
       institution_name,
       owner_name,
       remark,
       sort_order,
       enabled
FROM asset_account
WHERE id = ?
]
2026-03-28T17:54:43.120+08:00 TRACE 29512 --- [water-server] [           main] o.s.jdbc.core.StatementCreatorUtils      : Setting SQL statement parameter value: column index 1, parameter value [12], value class [java.lang.Long], SQL type unknown
2026-03-28T17:54:43.125+08:00 DEBUG 29512 --- [water-server] [           main] o.s.jdbc.core.JdbcTemplate               : Executing prepared SQL query
2026-03-28T17:54:43.125+08:00 DEBUG 29512 --- [water-server] [           main] o.s.jdbc.core.JdbcTemplate               : Executing prepared SQL statement [SELECT 1 FROM asset_account WHERE id = ?]
2026-03-28T17:54:43.125+08:00 TRACE 29512 --- [water-server] [           main] o.s.jdbc.core.StatementCreatorUtils      : Setting SQL statement parameter value: column index 1, parameter value [12], value class [java.lang.Long], SQL type unknown
2026-03-28T17:54:43.125+08:00 DEBUG 29512 --- [water-server] [           main] o.s.jdbc.core.JdbcTemplate               : Executing prepared SQL query
2026-03-28T17:54:43.126+08:00 DEBUG 29512 --- [water-server] [           main] o.s.jdbc.core.JdbcTemplate               : Executing prepared SQL statement [SELECT 1 FROM asset_snapshot_detail WHERE account_id = ? LIMIT 1]
2026-03-28T17:54:43.126+08:00 TRACE 29512 --- [water-server] [           main] o.s.jdbc.core.StatementCreatorUtils      : Setting SQL statement parameter value: column index 1, parameter value [12], value class [java.lang.Long], SQL type unknown
2026-03-28T17:54:43.126+08:00 DEBUG 29512 --- [water-server] [           main] o.s.jdbc.core.JdbcTemplate               : Executing prepared SQL update
2026-03-28T17:54:43.126+08:00 DEBUG 29512 --- [water-server] [           main] o.s.jdbc.core.JdbcTemplate               : Executing prepared SQL statement [DELETE FROM asset_account WHERE id = ?]
2026-03-28T17:54:43.126+08:00 TRACE 29512 --- [water-server] [           main] o.s.jdbc.core.StatementCreatorUtils      : Setting SQL statement parameter value: column index 1, parameter value [12], value class [java.lang.Long], SQL type unknown
2026-03-28T17:54:43.132+08:00 DEBUG 29512 --- [water-server] [           main] o.s.jdbc.core.JdbcTemplate               : Executing SQL query [SELECT id
FROM asset_snapshot
ORDER BY snapshot_date DESC, id DESC
LIMIT 1
]
2026-03-28T17:54:43.133+08:00 DEBUG 29512 --- [water-server] [           main] o.s.jdbc.core.JdbcTemplate               : Executing prepared SQL query
2026-03-28T17:54:43.133+08:00 DEBUG 29512 --- [water-server] [           main] o.s.jdbc.core.JdbcTemplate               : Executing prepared SQL statement [SELECT id,
       account_code,
       account_name,
       category_group,
       account_type,
       parent_account_id,
       is_summary,
       balance_direction,
       currency_code,
       institution_name,
       owner_name,
       remark,
       sort_order,
       enabled
FROM asset_account
WHERE id = ?
]
2026-03-28T17:54:43.133+08:00 TRACE 29512 --- [water-server] [           main] o.s.jdbc.core.StatementCreatorUtils      : Setting SQL statement parameter value: column index 1, parameter value [12], value class [java.lang.Long], SQL type unknown
]]></system-out>
  </testcase>
</testsuite>