<?xml version="1.0" encoding="UTF-8"?>
<testsuite xmlns:xsi="http://www.w3.org/2001/XMLSchema-instance" xsi:noNamespaceSchemaLocation="https://maven.apache.org/surefire/maven-surefire-plugin/xsd/surefire-test-report.xsd" version="3.0.2" name="com.water.server.snapshot.WaterCsvImportServiceTests" time="0.026" tests="5" errors="0" skipped="0" failures="0">
  <properties>
[...]
</properties>
  <testcase name="parsesBreakdownExpressions" classname="com.water.server.snapshot.WaterCsvImportServiceTests" time="0.002"/>
  <testcase name="parsesSingleRowIntoNormalizedRecord" classname="com.water.server.snapshot.WaterCsvImportServiceTests" time="0.02"/>
  <testcase name="parsesSupportedDateFormats" classname="com.water.server.snapshot.WaterCsvImportServiceTests" time="0.001"/>
  <testcase name="skipsBlankTemplateRowsWhenImportingFile" classname="com.water.server.snapshot.WaterCsvImportServiceTests" time="0.002"/>
  <testcase name="parsesBreakdownWithDecimalCommaInsideQuotedCsvField" classname="com.water.server.snapshot.WaterCsvImportServiceTests" time="0.001"/>
</testsuite>