<?xml version="1.0" encoding="UTF-8"?>
<testsuite xmlns:xsi="http://www.w3.org/2001/XMLSchema-instance" xsi:noNamespaceSchemaLocation="https://maven.apache.org/surefire/maven-surefire-plugin/xsd/surefire-test-report.xsd" version="3.0.2" name="com.water.server.WaterServerApplicationTests" time="0.26" tests="1" errors="0" skipped="0" failures="0">
  <properties>
[...]
</properties>
  <testcase name="contextLoads" classname="com.water.server.WaterServerApplicationTests" time="0.003">
    <system-out><![CDATA[2026-03-30T19:13:23.922+08:00  INFO 12980 --- [water-server] [           main] t.c.s.AnnotationConfigContextLoaderUtils : Could not detect default configuration classes for test class [com.water.server.WaterServerApplicationTests]: WaterServerApplicationTests does not declare any static, non-private, non-final, nested classes annotated with @Configuration.
2026-03-30T19:13:23.925+08:00  INFO 12980 --- [water-server] [           main] .b.t.c.SpringBootTestContextBootstrapper : Found @SpringBootConfiguration com.water.server.WaterServerApplication for test class com.water.server.WaterServerApplicationTests

  .   ____          _            __ _ _
 /\\ / ___'_ __ _ _(_)_ __  __ _ \ \ \ \
( ( )\___ | '_ | '_| | '_ \/ _` | \ \ \ \
 \\/  ___)| |_)| | | | | || (_| |  ) ) ) )
  '  |____| .__|_| |_|_| |_\__, | / / / /
 =========|_|==============|___/=/_/_/_/

 :: Spring Boot ::                (v3.4.3)

2026-03-30T19:13:23.939+08:00  INFO 12980 --- [water-server] [           main] c.w.server.WaterServerApplicationTests   : Starting WaterServerApplicationTests using Java 17.0.10 with PID 12980 (started by sharping in C:\Users\sharping\Documents\GitHub\water\water-server)
2026-03-30T19:13:23.939+08:00  INFO 12980 --- [water-server] [           main] c.w.server.WaterServerApplicationTests   : No active profile set, falling back to 1 default profile: "default"
2026-03-30T19:13:24.059+08:00  INFO 12980 --- [water-server] [           main] com.zaxxer.hikari.HikariDataSource       : HikariPool-3 - Starting...
2026-03-30T19:13:24.060+08:00  INFO 12980 --- [water-server] [           main] com.zaxxer.hikari.pool.HikariPool        : HikariPool-3 - Added connection org.sqlite.jdbc4.JDBC4Connection@5dba3fdc
2026-03-30T19:13:24.061+08:00  INFO 12980 --- [water-server] [           main] com.zaxxer.hikari.HikariDataSource       : HikariPool-3 - Start completed.
2026-03-30T19:13:24.132+08:00  INFO 12980 --- [water-server] [           main] c.w.server.WaterServerApplicationTests   : Started WaterServerApplicationTests in 0.205 seconds (process running for 3.447)
2026-03-30T19:13:24.133+08:00 DEBUG 12980 --- [water-server] [           main] o.s.jdbc.core.JdbcTemplate               : Executing SQL query [PRAGMA table_info(asset_account)]
2026-03-30T19:13:24.133+08:00 DEBUG 12980 --- [water-server] [           main] o.s.jdbc.core.JdbcTemplate               : Executing SQL query [PRAGMA table_info(asset_account)]
2026-03-30T19:13:24.133+08:00 DEBUG 12980 --- [water-server] [           main] o.s.jdbc.core.JdbcTemplate               : Executing SQL query [PRAGMA table_info(asset_account)]
2026-03-30T19:13:24.133+08:00 DEBUG 12980 --- [water-server] [           main] o.s.jdbc.core.JdbcTemplate               : Executing SQL query [PRAGMA table_info(asset_snapshot_detail)]
2026-03-30T19:13:24.134+08:00 DEBUG 12980 --- [water-server] [           main] o.s.jdbc.core.JdbcTemplate               : Executing SQL statement [ALTER TABLE asset_snapshot_detail ADD COLUMN amount_source TEXT NOT NULL DEFAULT 'MANUAL']
2026-03-30T19:13:24.137+08:00 DEBUG 12980 --- [water-server] [           main] o.s.jdbc.core.JdbcTemplate               : Executing SQL query [PRAGMA table_info(asset_snapshot_detail)]
2026-03-30T19:13:24.137+08:00 DEBUG 12980 --- [water-server] [           main] o.s.jdbc.core.JdbcTemplate               : Executing SQL statement [ALTER TABLE asset_snapshot_detail ADD COLUMN is_computed INTEGER NOT NULL DEFAULT 0]
2026-03-30T19:13:24.141+08:00 DEBUG 12980 --- [water-server] [           main] o.s.jdbc.core.JdbcTemplate               : Executing prepared SQL update
2026-03-30T19:13:24.141+08:00 DEBUG 12980 --- [water-server] [           main] o.s.jdbc.core.JdbcTemplate               : Executing prepared SQL statement [INSERT OR IGNORE INTO asset_account (
    account_code,
    account_name,
    category_group,
    account_type,
    balance_direction,
    currency_code,
    institution_name,
    owner_name,
    remark,
    sort_order,
    enabled,
    updated_at
) VALUES (?, ?, ?, ?, ?, ?, ?, ?, ?, ?, ?, CURRENT_TIMESTAMP)
]
2026-03-30T19:13:24.141+08:00 TRACE 12980 --- [water-server] [           main] o.s.jdbc.core.StatementCreatorUtils      : Setting SQL statement parameter value: column index 1, parameter value [ALIPAY], value class [java.lang.String], SQL type unknown
2026-03-30T19:13:24.141+08:00 TRACE 12980 --- [water-server] [           main] o.s.jdbc.core.StatementCreatorUtils      : Setting SQL statement parameter value: column index 2, parameter value [Alipay], value class [java.lang.String], SQL type unknown
2026-03-30T19:13:24.141+08:00 TRACE 12980 --- [water-server] [           main] o.s.jdbc.core.StatementCreatorUtils      : Setting SQL statement parameter value: column index 3, parameter value [CASH], value class [java.lang.String], SQL type unknown
2026-03-30T19:13:24.141+08:00 TRACE 12980 --- [water-server] [           main] o.s.jdbc.core.StatementCreatorUtils      : Setting SQL statement parameter value: column index 4, parameter value [EWALLET], value class [java.lang.String], SQL type unknown
2026-03-30T19:13:24.141+08:00 TRACE 12980 --- [water-server] [           main] o.s.jdbc.core.StatementCreatorUtils      : Setting SQL statement parameter value: column index 5, parameter value [ASSET], value class [java.lang.String], SQL type unknown
2026-03-30T19:13:24.141+08:00 TRACE 12980 --- [water-server] [           main] o.s.jdbc.core.StatementCreatorUtils      : Setting SQL statement parameter value: column index 6, parameter value [CNY], value class [java.lang.String], SQL type unknown
2026-03-30T19:13:24.141+08:00 TRACE 12980 --- [water-server] [           main] o.s.jdbc.core.StatementCreatorUtils      : Setting SQL statement parameter value: column index 7, parameter value [Alipay], value class [java.lang.String], SQL type unknown
2026-03-30T19:13:24.141+08:00 TRACE 12980 --- [water-server] [           main] o.s.jdbc.core.StatementCreatorUtils      : Setting SQL statement parameter value: column index 8, parameter value [null], value class [null], SQL type unknown
2026-03-30T19:13:24.141+08:00 TRACE 12980 --- [water-server] [           main] o.s.jdbc.core.StatementCreatorUtils      : Setting SQL statement parameter value: column index 9, parameter value [Daily payment account], value class [java.lang.String], SQL type unknown
2026-03-30T19:13:24.141+08:00 TRACE 12980 --- [water-server] [           main] o.s.jdbc.core.StatementCreatorUtils      : Setting SQL statement parameter value: column index 10, parameter value [10], value class [java.lang.Integer], SQL type unknown
2026-03-30T19:13:24.141+08:00 TRACE 12980 --- [water-server] [           main] o.s.jdbc.core.StatementCreatorUtils      : Setting SQL statement parameter value: column index 11, parameter value [1], value class [java.lang.Integer], SQL type unknown
2026-03-30T19:13:24.143+08:00 DEBUG 12980 --- [water-server] [           main] o.s.jdbc.core.JdbcTemplate               : Executing prepared SQL update
2026-03-30T19:13:24.144+08:00 DEBUG 12980 --- [water-server] [           main] o.s.jdbc.core.JdbcTemplate               : Executing prepared SQL statement [INSERT OR IGNORE INTO asset_account (
    account_code,
    account_name,
    category_group,
    account_type,
    balance_direction,
    currency_code,
    institution_name,
    owner_name,
    remark,
    sort_order,
    enabled,
    updated_at
) VALUES (?, ?, ?, ?, ?, ?, ?, ?, ?, ?, ?, CURRENT_TIMESTAMP)
]
2026-03-30T19:13:24.144+08:00 TRACE 12980 --- [water-server] [           main] o.s.jdbc.core.StatementCreatorUtils      : Setting SQL statement parameter value: column index 1, parameter value [WECHAT], value class [java.lang.String], SQL type unknown
2026-03-30T19:13:24.144+08:00 TRACE 12980 --- [water-server] [           main] o.s.jdbc.core.StatementCreatorUtils      : Setting SQL statement parameter value: column index 2, parameter value [WeChat], value class [java.lang.String], SQL type unknown
2026-03-30T19:13:24.144+08:00 TRACE 12980 --- [water-server] [           main] o.s.jdbc.core.StatementCreatorUtils      : Setting SQL statement parameter value: column index 3, parameter value [CASH], value class [java.lang.String], SQL type unknown
2026-03-30T19:13:24.144+08:00 TRACE 12980 --- [water-server] [           main] o.s.jdbc.core.StatementCreatorUtils      : Setting SQL statement parameter value: column index 4, parameter value [EWALLET], value class [java.lang.String], SQL type unknown
2026-03-30T19:13:24.144+08:00 TRACE 12980 --- [water-server] [           main] o.s.jdbc.core.StatementCreatorUtils      : Setting SQL statement parameter value: column index 5, parameter value [ASSET], value class [java.lang.String], SQL type unknown
2026-03-30T19:13:24.144+08:00 TRACE 12980 --- [water-server] [           main] o.s.jdbc.core.StatementCreatorUtils      : Setting SQL statement parameter value: column index 6, parameter value [CNY], value class [java.lang.String], SQL type unknown
2026-03-30T19:13:24.144+08:00 TRACE 12980 --- [water-server] [           main] o.s.jdbc.core.StatementCreatorUtils      : Setting SQL statement parameter value: column index 7, parameter value [WeChat Pay], value class [java.lang.String], SQL type unknown
2026-03-30T19:13:24.144+08:00 TRACE 12980 --- [water-server] [           main] o.s.jdbc.core.StatementCreatorUtils      : Setting SQL statement parameter value: column index 8, parameter value [null], value class [null], SQL type unknown
2026-03-30T19:13:24.144+08:00 TRACE 12980 --- [water-server] [           main] o.s.jdbc.core.StatementCreatorUtils      : Setting SQL statement parameter value: column index 9, parameter value [Daily payment account], value class [java.lang.String], SQL type unknown
2026-03-30T19:13:24.144+08:00 TRACE 12980 --- [water-server] [           main] o.s.jdbc.core.StatementCreatorUtils      : Setting SQL statement parameter value: column index 10, parameter value [20], value class [java.lang.Integer], SQL type unknown
2026-03-30T19:13:24.144+08:00 TRACE 12980 --- [water-server] [           main] o.s.jdbc.core.StatementCreatorUtils      : Setting SQL statement parameter value: column index 11, parameter value [1], value class [java.lang.Integer], SQL type unknown
2026-03-30T19:13:24.148+08:00 DEBUG 12980 --- [water-server] [           main] o.s.jdbc.core.JdbcTemplate               : Executing prepared SQL update
2026-03-30T19:13:24.148+08:00 DEBUG 12980 --- [water-server] [           main] o.s.jdbc.core.JdbcTemplate               : Executing prepared SQL statement [INSERT OR IGNORE INTO asset_account (
    account_code,
    account_name,
    category_group,
    account_type,
    balance_direction,
    currency_code,
    institution_name,
    owner_name,
    remark,
    sort_order,
    enabled,
    updated_at
) VALUES (?, ?, ?, ?, ?, ?, ?, ?, ?, ?, ?, CURRENT_TIMESTAMP)
]
2026-03-30T19:13:24.148+08:00 TRACE 12980 --- [water-server] [           main] o.s.jdbc.core.StatementCreatorUtils      : Setting SQL statement parameter value: column index 1, parameter value [DEFAULT_BANK_CARD], value class [java.lang.String], SQL type unknown
2026-03-30T19:13:24.148+08:00 TRACE 12980 --- [water-server] [           main] o.s.jdbc.core.StatementCreatorUtils      : Setting SQL statement parameter value: column index 2, parameter value [Default Bank Card], value class [java.lang.String], SQL type unknown
2026-03-30T19:13:24.148+08:00 TRACE 12980 --- [water-server] [           main] o.s.jdbc.core.StatementCreatorUtils      : Setting SQL statement parameter value: column index 3, parameter value [CASH], value class [java.lang.String], SQL type unknown
2026-03-30T19:13:24.148+08:00 TRACE 12980 --- [water-server] [           main] o.s.jdbc.core.StatementCreatorUtils      : Setting SQL statement parameter value: column index 4, parameter value [BANK_CARD], value class [java.lang.String], SQL type unknown
2026-03-30T19:13:24.148+08:00 TRACE 12980 --- [water-server] [           main] o.s.jdbc.core.StatementCreatorUtils      : Setting SQL statement parameter value: column index 5, parameter value [ASSET], value class [java.lang.String], SQL type unknown
2026-03-30T19:13:24.148+08:00 TRACE 12980 --- [water-server] [           main] o.s.jdbc.core.StatementCreatorUtils      : Setting SQL statement parameter value: column index 6, parameter value [CNY], value class [java.lang.String], SQL type unknown
2026-03-30T19:13:24.148+08:00 TRACE 12980 --- [water-server] [           main] o.s.jdbc.core.StatementCreatorUtils      : Setting SQL statement parameter value: column index 7, parameter value [Default Bank Card], value class [java.lang.String], SQL type unknown
2026-03-30T19:13:24.148+08:00 TRACE 12980 --- [water-server] [           main] o.s.jdbc.core.StatementCreatorUtils      : Setting SQL statement parameter value: column index 8, parameter value [null], value class [null], SQL type unknown
2026-03-30T19:13:24.148+08:00 TRACE 12980 --- [water-server] [           main] o.s.jdbc.core.StatementCreatorUtils      : Setting SQL statement parameter value: column index 9, parameter value [Primary bank card account], value class [java.lang.String], SQL type unknown
2026-03-30T19:13:24.148+08:00 TRACE 12980 --- [water-server] [           main] o.s.jdbc.core.StatementCreatorUtils      : Setting SQL statement parameter value: column index 10, parameter value [30], value class [java.lang.Integer], SQL type unknown
2026-03-30T19:13:24.148+08:00 TRACE 12980 --- [water-server] [           main] o.s.jdbc.core.StatementCreatorUtils      : Setting SQL statement parameter value: column index 11, parameter value [1], value class [java.lang.Integer], SQL type unknown
2026-03-30T19:13:24.152+08:00 DEBUG 12980 --- [water-server] [           main] o.s.jdbc.core.JdbcTemplate               : Executing prepared SQL update
2026-03-30T19:13:24.153+08:00 DEBUG 12980 --- [water-server] [           main] o.s.jdbc.core.JdbcTemplate               : Executing prepared SQL statement [INSERT OR IGNORE INTO asset_account (
    account_code,
    account_name,
    category_group,
    account_type,
    balance_direction,
    currency_code,
    institution_name,
    owner_name,
    remark,
    sort_order,
    enabled,
    updated_at
) VALUES (?, ?, ?, ?, ?, ?, ?, ?, ?, ?, ?, CURRENT_TIMESTAMP)
]
2026-03-30T19:13:24.153+08:00 TRACE 12980 --- [water-server] [           main] o.s.jdbc.core.StatementCreatorUtils      : Setting SQL statement parameter value: column index 1, parameter value [FUND_ACCOUNT], value class [java.lang.String], SQL type unknown
2026-03-30T19:13:24.153+08:00 TRACE 12980 --- [water-server] [           main] o.s.jdbc.core.StatementCreatorUtils      : Setting SQL statement parameter value: column index 2, parameter value [Fund Account], value class [java.lang.String], SQL type unknown
2026-03-30T19:13:24.153+08:00 TRACE 12980 --- [water-server] [           main] o.s.jdbc.core.StatementCreatorUtils      : Setting SQL statement parameter value: column index 3, parameter value [INVESTMENT], value class [java.lang.String], SQL type unknown
2026-03-30T19:13:24.153+08:00 TRACE 12980 --- [water-server] [           main] o.s.jdbc.core.StatementCreatorUtils      : Setting SQL statement parameter value: column index 4, parameter value [INVESTMENT], value class [java.lang.String], SQL type unknown
2026-03-30T19:13:24.153+08:00 TRACE 12980 --- [water-server] [           main] o.s.jdbc.core.StatementCreatorUtils      : Setting SQL statement parameter value: column index 5, parameter value [ASSET], value class [java.lang.String], SQL type unknown
2026-03-30T19:13:24.153+08:00 TRACE 12980 --- [water-server] [           main] o.s.jdbc.core.StatementCreatorUtils      : Setting SQL statement parameter value: column index 6, parameter value [CNY], value class [java.lang.String], SQL type unknown
2026-03-30T19:13:24.153+08:00 TRACE 12980 --- [water-server] [           main] o.s.jdbc.core.StatementCreatorUtils      : Setting SQL statement parameter value: column index 7, parameter value [Fund Platform], value class [java.lang.String], SQL type unknown
2026-03-30T19:13:24.153+08:00 TRACE 12980 --- [water-server] [           main] o.s.jdbc.core.StatementCreatorUtils      : Setting SQL statement parameter value: column index 8, parameter value [null], value class [null], SQL type unknown
2026-03-30T19:13:24.153+08:00 TRACE 12980 --- [water-server] [           main] o.s.jdbc.core.StatementCreatorUtils      : Setting SQL statement parameter value: column index 9, parameter value [Fund holding account], value class [java.lang.String], SQL type unknown
2026-03-30T19:13:24.153+08:00 TRACE 12980 --- [water-server] [           main] o.s.jdbc.core.StatementCreatorUtils      : Setting SQL statement parameter value: column index 10, parameter value [40], value class [java.lang.Integer], SQL type unknown
2026-03-30T19:13:24.153+08:00 TRACE 12980 --- [water-server] [           main] o.s.jdbc.core.StatementCreatorUtils      : Setting SQL statement parameter value: column index 11, parameter value [1], value class [java.lang.Integer], SQL type unknown
2026-03-30T19:13:24.156+08:00 DEBUG 12980 --- [water-server] [           main] o.s.jdbc.core.JdbcTemplate               : Executing prepared SQL update
2026-03-30T19:13:24.156+08:00 DEBUG 12980 --- [water-server] [           main] o.s.jdbc.core.JdbcTemplate               : Executing prepared SQL statement [INSERT OR IGNORE INTO asset_account (
    account_code,
    account_name,
    category_group,
    account_type,
    balance_direction,
    currency_code,
    institution_name,
    owner_name,
    remark,
    sort_order,
    enabled,
    updated_at
) VALUES (?, ?, ?, ?, ?, ?, ?, ?, ?, ?, ?, CURRENT_TIMESTAMP)
]
2026-03-30T19:13:24.156+08:00 TRACE 12980 --- [water-server] [           main] o.s.jdbc.core.StatementCreatorUtils      : Setting SQL statement parameter value: column index 1, parameter value [A_SHARE_ACCOUNT], value class [java.lang.String], SQL type unknown
2026-03-30T19:13:24.156+08:00 TRACE 12980 --- [water-server] [           main] o.s.jdbc.core.StatementCreatorUtils      : Setting SQL statement parameter value: column index 2, parameter value [A Share Account], value class [java.lang.String], SQL type unknown
2026-03-30T19:13:24.156+08:00 TRACE 12980 --- [water-server] [           main] o.s.jdbc.core.StatementCreatorUtils      : Setting SQL statement parameter value: column index 3, parameter value [INVESTMENT], value class [java.lang.String], SQL type unknown
2026-03-30T19:13:24.156+08:00 TRACE 12980 --- [water-server] [           main] o.s.jdbc.core.StatementCreatorUtils      : Setting SQL statement parameter value: column index 4, parameter value [INVESTMENT], value class [java.lang.String], SQL type unknown
2026-03-30T19:13:24.156+08:00 TRACE 12980 --- [water-server] [           main] o.s.jdbc.core.StatementCreatorUtils      : Setting SQL statement parameter value: column index 5, parameter value [ASSET], value class [java.lang.String], SQL type unknown
2026-03-30T19:13:24.156+08:00 TRACE 12980 --- [water-server] [           main] o.s.jdbc.core.StatementCreatorUtils      : Setting SQL statement parameter value: column index 6, parameter value [CNY], value class [java.lang.String], SQL type unknown
2026-03-30T19:13:24.156+08:00 TRACE 12980 --- [water-server] [           main] o.s.jdbc.core.StatementCreatorUtils      : Setting SQL statement parameter value: column index 7, parameter value [Broker], value class [java.lang.String], SQL type unknown
2026-03-30T19:13:24.156+08:00 TRACE 12980 --- [water-server] [           main] o.s.jdbc.core.StatementCreatorUtils      : Setting SQL statement parameter value: column index 8, parameter value [null], value class [null], SQL type unknown
2026-03-30T19:13:24.156+08:00 TRACE 12980 --- [water-server] [           main] o.s.jdbc.core.StatementCreatorUtils      : Setting SQL statement parameter value: column index 9, parameter value [A-share investment account], value class [java.lang.String], SQL type unknown
2026-03-30T19:13:24.156+08:00 TRACE 12980 --- [water-server] [           main] o.s.jdbc.core.StatementCreatorUtils      : Setting SQL statement parameter value: column index 10, parameter value [50], value class [java.lang.Integer], SQL type unknown
2026-03-30T19:13:24.156+08:00 TRACE 12980 --- [water-server] [           main] o.s.jdbc.core.StatementCreatorUtils      : Setting SQL statement parameter value: column index 11, parameter value [1], value class [java.lang.Integer], SQL type unknown
2026-03-30T19:13:24.159+08:00 DEBUG 12980 --- [water-server] [           main] o.s.jdbc.core.JdbcTemplate               : Executing prepared SQL update
2026-03-30T19:13:24.159+08:00 DEBUG 12980 --- [water-server] [           main] o.s.jdbc.core.JdbcTemplate               : Executing prepared SQL statement [INSERT OR IGNORE INTO asset_account (
    account_code,
    account_name,
    category_group,
    account_type,
    balance_direction,
    currency_code,
    institution_name,
    owner_name,
    remark,
    sort_order,
    enabled,
    updated_at
) VALUES (?, ?, ?, ?, ?, ?, ?, ?, ?, ?, ?, CURRENT_TIMESTAMP)
]
2026-03-30T19:13:24.159+08:00 TRACE 12980 --- [water-server] [           main] o.s.jdbc.core.StatementCreatorUtils      : Setting SQL statement parameter value: column index 1, parameter value [US_STOCK_ACCOUNT], value class [java.lang.String], SQL type unknown
2026-03-30T19:13:24.159+08:00 TRACE 12980 --- [water-server] [           main] o.s.jdbc.core.StatementCreatorUtils      : Setting SQL statement parameter value: column index 2, parameter value [US Stock Account], value class [java.lang.String], SQL type unknown
2026-03-30T19:13:24.159+08:00 TRACE 12980 --- [water-server] [           main] o.s.jdbc.core.StatementCreatorUtils      : Setting SQL statement parameter value: column index 3, parameter value [INVESTMENT], value class [java.lang.String], SQL type unknown
2026-03-30T19:13:24.159+08:00 TRACE 12980 --- [water-server] [           main] o.s.jdbc.core.StatementCreatorUtils      : Setting SQL statement parameter value: column index 4, parameter value [INVESTMENT], value class [java.lang.String], SQL type unknown
2026-03-30T19:13:24.159+08:00 TRACE 12980 --- [water-server] [           main] o.s.jdbc.core.StatementCreatorUtils      : Setting SQL statement parameter value: column index 5, parameter value [ASSET], value class [java.lang.String], SQL type unknown
2026-03-30T19:13:24.159+08:00 TRACE 12980 --- [water-server] [           main] o.s.jdbc.core.StatementCreatorUtils      : Setting SQL statement parameter value: column index 6, parameter value [USD], value class [java.lang.String], SQL type unknown
2026-03-30T19:13:24.159+08:00 TRACE 12980 --- [water-server] [           main] o.s.jdbc.core.StatementCreatorUtils      : Setting SQL statement parameter value: column index 7, parameter value [Broker], value class [java.lang.String], SQL type unknown
2026-03-30T19:13:24.159+08:00 TRACE 12980 --- [water-server] [           main] o.s.jdbc.core.StatementCreatorUtils      : Setting SQL statement parameter value: column index 8, parameter value [null], value class [null], SQL type unknown
2026-03-30T19:13:24.160+08:00 TRACE 12980 --- [water-server] [           main] o.s.jdbc.core.StatementCreatorUtils      : Setting SQL statement parameter value: column index 9, parameter value [US stock investment account], value class [java.lang.String], SQL type unknown
2026-03-30T19:13:24.160+08:00 TRACE 12980 --- [water-server] [           main] o.s.jdbc.core.StatementCreatorUtils      : Setting SQL statement parameter value: column index 10, parameter value [60], value class [java.lang.Integer], SQL type unknown
2026-03-30T19:13:24.160+08:00 TRACE 12980 --- [water-server] [           main] o.s.jdbc.core.StatementCreatorUtils      : Setting SQL statement parameter value: column index 11, parameter value [1], value class [java.lang.Integer], SQL type unknown
2026-03-30T19:13:24.163+08:00 DEBUG 12980 --- [water-server] [           main] o.s.jdbc.core.JdbcTemplate               : Executing prepared SQL update
2026-03-30T19:13:24.163+08:00 DEBUG 12980 --- [water-server] [           main] o.s.jdbc.core.JdbcTemplate               : Executing prepared SQL statement [INSERT OR IGNORE INTO asset_account (
    account_code,
    account_name,
    category_group,
    account_type,
    balance_direction,
    currency_code,
    institution_name,
    owner_name,
    remark,
    sort_order,
    enabled,
    updated_at
) VALUES (?, ?, ?, ?, ?, ?, ?, ?, ?, ?, ?, CURRENT_TIMESTAMP)
]
2026-03-30T19:13:24.163+08:00 TRACE 12980 --- [water-server] [           main] o.s.jdbc.core.StatementCreatorUtils      : Setting SQL statement parameter value: column index 1, parameter value [CREDIT_CARD_DUE], value class [java.lang.String], SQL type unknown
2026-03-30T19:13:24.163+08:00 TRACE 12980 --- [water-server] [           main] o.s.jdbc.core.StatementCreatorUtils      : Setting SQL statement parameter value: column index 2, parameter value [Credit Card Due], value class [java.lang.String], SQL type unknown
2026-03-30T19:13:24.163+08:00 TRACE 12980 --- [water-server] [           main] o.s.jdbc.core.StatementCreatorUtils      : Setting SQL statement parameter value: column index 3, parameter value [LIABILITY], value class [java.lang.String], SQL type unknown
2026-03-30T19:13:24.163+08:00 TRACE 12980 --- [water-server] [           main] o.s.jdbc.core.StatementCreatorUtils      : Setting SQL statement parameter value: column index 4, parameter value [CREDIT_CARD], value class [java.lang.String], SQL type unknown
2026-03-30T19:13:24.163+08:00 TRACE 12980 --- [water-server] [           main] o.s.jdbc.core.StatementCreatorUtils      : Setting SQL statement parameter value: column index 5, parameter value [DEBT], value class [java.lang.String], SQL type unknown
2026-03-30T19:13:24.163+08:00 TRACE 12980 --- [water-server] [           main] o.s.jdbc.core.StatementCreatorUtils      : Setting SQL statement parameter value: column index 6, parameter value [CNY], value class [java.lang.String], SQL type unknown
2026-03-30T19:13:24.163+08:00 TRACE 12980 --- [water-server] [           main] o.s.jdbc.core.StatementCreatorUtils      : Setting SQL statement parameter value: column index 7, parameter value [Credit Card], value class [java.lang.String], SQL type unknown
2026-03-30T19:13:24.163+08:00 TRACE 12980 --- [water-server] [           main] o.s.jdbc.core.StatementCreatorUtils      : Setting SQL statement parameter value: column index 8, parameter value [null], value class [null], SQL type unknown
2026-03-30T19:13:24.163+08:00 TRACE 12980 --- [water-server] [           main] o.s.jdbc.core.StatementCreatorUtils      : Setting SQL statement parameter value: column index 9, parameter value [Outstanding credit card balance], value class [java.lang.String], SQL type unknown
2026-03-30T19:13:24.163+08:00 TRACE 12980 --- [water-server] [           main] o.s.jdbc.core.StatementCreatorUtils      : Setting SQL statement parameter value: column index 10, parameter value [70], value class [java.lang.Integer], SQL type unknown
2026-03-30T19:13:24.163+08:00 TRACE 12980 --- [water-server] [           main] o.s.jdbc.core.StatementCreatorUtils      : Setting SQL statement parameter value: column index 11, parameter value [1], value class [java.lang.Integer], SQL type unknown
2026-03-30T19:13:24.166+08:00 DEBUG 12980 --- [water-server] [           main] o.s.jdbc.core.JdbcTemplate               : Executing prepared SQL update
2026-03-30T19:13:24.167+08:00 DEBUG 12980 --- [water-server] [           main] o.s.jdbc.core.JdbcTemplate               : Executing prepared SQL statement [INSERT OR IGNORE INTO asset_account (
    account_code,
    account_name,
    category_group,
    account_type,
    balance_direction,
    currency_code,
    institution_name,
    owner_name,
    remark,
    sort_order,
    enabled,
    updated_at
) VALUES (?, ?, ?, ?, ?, ?, ?, ?, ?, ?, ?, CURRENT_TIMESTAMP)
]
2026-03-30T19:13:24.167+08:00 TRACE 12980 --- [water-server] [           main] o.s.jdbc.core.StatementCreatorUtils      : Setting SQL statement parameter value: column index 1, parameter value [RECEIVABLES], value class [java.lang.String], SQL type unknown
2026-03-30T19:13:24.167+08:00 TRACE 12980 --- [water-server] [           main] o.s.jdbc.core.StatementCreatorUtils      : Setting SQL statement parameter value: column index 2, parameter value [Receivables], value class [java.lang.String], SQL type unknown
2026-03-30T19:13:24.167+08:00 TRACE 12980 --- [water-server] [           main] o.s.jdbc.core.StatementCreatorUtils      : Setting SQL statement parameter value: column index 3, parameter value [LIABILITY], value class [java.lang.String], SQL type unknown
2026-03-30T19:13:24.167+08:00 TRACE 12980 --- [water-server] [           main] o.s.jdbc.core.StatementCreatorUtils      : Setting SQL statement parameter value: column index 4, parameter value [RECEIVABLE], value class [java.lang.String], SQL type unknown
2026-03-30T19:13:24.167+08:00 TRACE 12980 --- [water-server] [           main] o.s.jdbc.core.StatementCreatorUtils      : Setting SQL statement parameter value: column index 5, parameter value [ASSET], value class [java.lang.String], SQL type unknown
2026-03-30T19:13:24.167+08:00 TRACE 12980 --- [water-server] [           main] o.s.jdbc.core.StatementCreatorUtils      : Setting SQL statement parameter value: column index 6, parameter value [CNY], value class [java.lang.String], SQL type unknown
2026-03-30T19:13:24.167+08:00 TRACE 12980 --- [water-server] [           main] o.s.jdbc.core.StatementCreatorUtils      : Setting SQL statement parameter value: column index 7, parameter value [Personal], value class [java.lang.String], SQL type unknown
2026-03-30T19:13:24.167+08:00 TRACE 12980 --- [water-server] [           main] o.s.jdbc.core.StatementCreatorUtils      : Setting SQL statement parameter value: column index 8, parameter value [null], value class [null], SQL type unknown
2026-03-30T19:13:24.167+08:00 TRACE 12980 --- [water-server] [           main] o.s.jdbc.core.StatementCreatorUtils      : Setting SQL statement parameter value: column index 9, parameter value [External receivables], value class [java.lang.String], SQL type unknown
2026-03-30T19:13:24.167+08:00 TRACE 12980 --- [water-server] [           main] o.s.jdbc.core.StatementCreatorUtils      : Setting SQL statement parameter value: column index 10, parameter value [80], value class [java.lang.Integer], SQL type unknown
2026-03-30T19:13:24.167+08:00 TRACE 12980 --- [water-server] [           main] o.s.jdbc.core.StatementCreatorUtils      : Setting SQL statement parameter value: column index 11, parameter value [1], value class [java.lang.Integer], SQL type unknown
2026-03-30T19:13:24.171+08:00 DEBUG 12980 --- [water-server] [           main] o.s.jdbc.core.JdbcTemplate               : Executing prepared SQL update
2026-03-30T19:13:24.171+08:00 DEBUG 12980 --- [water-server] [           main] o.s.jdbc.core.JdbcTemplate               : Executing prepared SQL statement [INSERT OR IGNORE INTO asset_account (
    account_code,
    account_name,
    category_group,
    account_type,
    balance_direction,
    currency_code,
    institution_name,
    owner_name,
    remark,
    sort_order,
    enabled,
    updated_at
) VALUES (?, ?, ?, ?, ?, ?, ?, ?, ?, ?, ?, CURRENT_TIMESTAMP)
]
2026-03-30T19:13:24.171+08:00 TRACE 12980 --- [water-server] [           main] o.s.jdbc.core.StatementCreatorUtils      : Setting SQL statement parameter value: column index 1, parameter value [INVESTMENT_LOSS], value class [java.lang.String], SQL type unknown
2026-03-30T19:13:24.171+08:00 TRACE 12980 --- [water-server] [           main] o.s.jdbc.core.StatementCreatorUtils      : Setting SQL statement parameter value: column index 2, parameter value [Investment Loss], value class [java.lang.String], SQL type unknown
2026-03-30T19:13:24.171+08:00 TRACE 12980 --- [water-server] [           main] o.s.jdbc.core.StatementCreatorUtils      : Setting SQL statement parameter value: column index 3, parameter value [INVESTMENT], value class [java.lang.String], SQL type unknown
2026-03-30T19:13:24.171+08:00 TRACE 12980 --- [water-server] [           main] o.s.jdbc.core.StatementCreatorUtils      : Setting SQL statement parameter value: column index 4, parameter value [LOSS], value class [java.lang.String], SQL type unknown
2026-03-30T19:13:24.171+08:00 TRACE 12980 --- [water-server] [           main] o.s.jdbc.core.StatementCreatorUtils      : Setting SQL statement parameter value: column index 5, parameter value [DEBT], value class [java.lang.String], SQL type unknown
2026-03-30T19:13:24.171+08:00 TRACE 12980 --- [water-server] [           main] o.s.jdbc.core.StatementCreatorUtils      : Setting SQL statement parameter value: column index 6, parameter value [CNY], value class [java.lang.String], SQL type unknown
2026-03-30T19:13:24.171+08:00 TRACE 12980 --- [water-server] [           main] o.s.jdbc.core.StatementCreatorUtils      : Setting SQL statement parameter value: column index 7, parameter value [Investment Summary], value class [java.lang.String], SQL type unknown
2026-03-30T19:13:24.171+08:00 TRACE 12980 --- [water-server] [           main] o.s.jdbc.core.StatementCreatorUtils      : Setting SQL statement parameter value: column index 8, parameter value [null], value class [null], SQL type unknown
2026-03-30T19:13:24.171+08:00 TRACE 12980 --- [water-server] [           main] o.s.jdbc.core.StatementCreatorUtils      : Setting SQL statement parameter value: column index 9, parameter value [Accumulated investment loss account], value class [java.lang.String], SQL type unknown
2026-03-30T19:13:24.171+08:00 TRACE 12980 --- [water-server] [           main] o.s.jdbc.core.StatementCreatorUtils      : Setting SQL statement parameter value: column index 10, parameter value [90], value class [java.lang.Integer], SQL type unknown
2026-03-30T19:13:24.171+08:00 TRACE 12980 --- [water-server] [           main] o.s.jdbc.core.StatementCreatorUtils      : Setting SQL statement parameter value: column index 11, parameter value [1], value class [java.lang.Integer], SQL type unknown
2026-03-30T19:13:24.174+08:00 DEBUG 12980 --- [water-server] [           main] o.s.jdbc.core.JdbcTemplate               : Executing prepared SQL update
2026-03-30T19:13:24.174+08:00 DEBUG 12980 --- [water-server] [           main] o.s.jdbc.core.JdbcTemplate               : Executing prepared SQL statement [INSERT OR IGNORE INTO asset_account (
    account_code,
    account_name,
    category_group,
    account_type,
    balance_direction,
    currency_code,
    institution_name,
    owner_name,
    remark,
    sort_order,
    enabled,
    updated_at
) VALUES (?, ?, ?, ?, ?, ?, ?, ?, ?, ?, ?, CURRENT_TIMESTAMP)
]
2026-03-30T19:13:24.174+08:00 TRACE 12980 --- [water-server] [           main] o.s.jdbc.core.StatementCreatorUtils      : Setting SQL statement parameter value: column index 1, parameter value [HOUSING_FUND], value class [java.lang.String], SQL type unknown
2026-03-30T19:13:24.174+08:00 TRACE 12980 --- [water-server] [           main] o.s.jdbc.core.StatementCreatorUtils      : Setting SQL statement parameter value: column index 2, parameter value [Housing Fund], value class [java.lang.String], SQL type unknown
2026-03-30T19:13:24.174+08:00 TRACE 12980 --- [water-server] [           main] o.s.jdbc.core.StatementCreatorUtils      : Setting SQL statement parameter value: column index 3, parameter value [CASH], value class [java.lang.String], SQL type unknown
2026-03-30T19:13:24.174+08:00 TRACE 12980 --- [water-server] [           main] o.s.jdbc.core.StatementCreatorUtils      : Setting SQL statement parameter value: column index 4, parameter value [HOUSING_FUND], value class [java.lang.String], SQL type unknown
2026-03-30T19:13:24.174+08:00 TRACE 12980 --- [water-server] [           main] o.s.jdbc.core.StatementCreatorUtils      : Setting SQL statement parameter value: column index 5, parameter value [ASSET], value class [java.lang.String], SQL type unknown
2026-03-30T19:13:24.174+08:00 TRACE 12980 --- [water-server] [           main] o.s.jdbc.core.StatementCreatorUtils      : Setting SQL statement parameter value: column index 6, parameter value [CNY], value class [java.lang.String], SQL type unknown
2026-03-30T19:13:24.175+08:00 TRACE 12980 --- [water-server] [           main] o.s.jdbc.core.StatementCreatorUtils      : Setting SQL statement parameter value: column index 7, parameter value [Housing Fund Center], value class [java.lang.String], SQL type unknown
2026-03-30T19:13:24.175+08:00 TRACE 12980 --- [water-server] [           main] o.s.jdbc.core.StatementCreatorUtils      : Setting SQL statement parameter value: column index 8, parameter value [null], value class [null], SQL type unknown
2026-03-30T19:13:24.175+08:00 TRACE 12980 --- [water-server] [           main] o.s.jdbc.core.StatementCreatorUtils      : Setting SQL statement parameter value: column index 9, parameter value [Housing fund account], value class [java.lang.String], SQL type unknown
2026-03-30T19:13:24.175+08:00 TRACE 12980 --- [water-server] [           main] o.s.jdbc.core.StatementCreatorUtils      : Setting SQL statement parameter value: column index 10, parameter value [100], value class [java.lang.Integer], SQL type unknown
2026-03-30T19:13:24.175+08:00 TRACE 12980 --- [water-server] [           main] o.s.jdbc.core.StatementCreatorUtils      : Setting SQL statement parameter value: column index 11, parameter value [1], value class [java.lang.Integer], SQL type unknown
2026-03-30T19:13:24.177+08:00 DEBUG 12980 --- [water-server] [           main] o.s.jdbc.core.JdbcTemplate               : Executing SQL query [SELECT id, account_code, account_type
FROM asset_account
WHERE category_group IS NULL OR TRIM(category_group) = ''
]
2026-03-30T19:13:24.177+08:00 DEBUG 12980 --- [water-server] [           main] o.s.jdbc.core.JdbcTemplate               : Executing SQL statement [CREATE INDEX IF NOT EXISTS idx_asset_account_group ON asset_account (category_group)]
2026-03-30T19:13:24.177+08:00 DEBUG 12980 --- [water-server] [           main] o.s.jdbc.core.JdbcTemplate               : Executing SQL statement [CREATE INDEX IF NOT EXISTS idx_asset_account_parent ON asset_account (parent_account_id)]
2026-03-30T19:13:24.177+08:00 DEBUG 12980 --- [water-server] [           main] o.s.jdbc.core.JdbcTemplate               : Executing SQL query [SELECT COUNT(1) FROM asset_account WHERE account_code = 'BANK_CARDS']
2026-03-30T19:13:24.177+08:00 DEBUG 12980 --- [water-server] [           main] o.s.jdbc.core.JdbcTemplate               : Executing SQL query [SELECT id FROM asset_account WHERE account_code = 'BANK_CARDS']
2026-03-30T19:13:24.177+08:00 DEBUG 12980 --- [water-server] [           main] o.s.jdbc.core.JdbcTemplate               : Executing prepared SQL update
2026-03-30T19:13:24.177+08:00 DEBUG 12980 --- [water-server] [           main] o.s.jdbc.core.JdbcTemplate               : Executing prepared SQL statement [UPDATE asset_account
SET parent_account_id = ?,
    updated_at = CURRENT_TIMESTAMP
WHERE account_code = 'DEFAULT_BANK_CARD'
  AND (parent_account_id IS NULL OR parent_account_id = 0)
]
2026-03-30T19:13:24.177+08:00 TRACE 12980 --- [water-server] [           main] o.s.jdbc.core.StatementCreatorUtils      : Setting SQL statement parameter value: column index 1, parameter value [201], value class [java.lang.Long], SQL type unknown
]]></system-out>
  </testcase>
</testsuite>